2017-03-23 17:00:38,496 - worker - Merged configuration file: ../config/worker.cfg
2017-03-23 17:00:38,496 - worker - Configuration loaded
2017-03-23 17:00:38,496 - worker - Starting XML-RPC server on port 3333
2017-03-23 17:00:38,516 - worker - Server started
2017-03-23 17:00:42,543 - worker - New translate task
10.119.181.207 - - [23/Mar/2017 17:00:43] "POST / HTTP/1.1" 200 -
2017-03-23 17:00:44,442 - worker - New translate task
10.119.181.207 - - [23/Mar/2017 17:00:44] "POST / HTTP/1.1" 200 -
2017-03-23 17:04:33,662 - worker - New translate task
10.119.181.207 - - [23/Mar/2017 17:04:37] "POST / HTTP/1.1" 200 -
2017-03-23 17:05:38,944 - worker - New translate task
10.119.181.207 - - [23/Mar/2017 17:05:43] "POST / HTTP/1.1" 200 -
2017-03-23 17:05:43,370 - worker - New translate task
10.119.181.207 - - [23/Mar/2017 17:05:47] "POST / HTTP/1.1" 200 -
2017-03-23 17:06:49,449 - worker - New translate task
10.119.181.207 - - [23/Mar/2017 17:06:50] "POST / HTTP/1.1" 200 -
2017-03-23 17:06:54,746 - worker - New translate task
10.119.181.207 - - [23/Mar/2017 17:06:55] "POST / HTTP/1.1" 200 -
2017-03-23 17:06:57,048 - worker - New translate task
10.119.181.207 - - [23/Mar/2017 17:06:57] "POST / HTTP/1.1" 200 -
2017-03-23 17:06:58,011 - worker - New translate task
10.119.181.207 - - [23/Mar/2017 17:06:58] "POST / HTTP/1.1" 200 -
2017-03-23 17:07:21,146 - worker - New translate task
10.119.181.207 - - [23/Mar/2017 17:07:21] "POST / HTTP/1.1" 200 -
2017-03-23 17:07:21,844 - worker - New translate task
{'targetLang': 'en', 'text': u'\u4f60\u60f3 \u5e72\u4ec0 2 \n', 'alignmentInfo': 'true', 'sourceLang': 'zh', 'action': 'translate', 'nBestSize': 1}
ä½ æƒ³ å¹²ä»€ 2 

[u'\u4f60\u60f3 \u5e72\u4ec0 2']
{'targetLang': 'en', 'text': u'\u4f60\u60f3 \u5e72\u4ec0 \n', 'alignmentInfo': 'true', 'sourceLang': 'zh', 'action': 'translate', 'nBestSize': 1}
ä½ æƒ³ å¹²ä»€ 

[u'\u4f60\u60f3 \u5e72\u4ec0']
{'targetLang': 'en', 'text': '<!DOCTYPE HTML PUBLIC "-//W3C//DTD HTML 3.2 Final//EN">\n<title>404 Not Found</title>\n<h1>Not Found</h1>\n<p>The requested URL was not found on the server.  If you entered the URL manually please check your spelling and try again.</p>\n', 'alignmentInfo': 'true', 'sourceLang': 'zh', 'action': 'translate', 'nBestSize': 1}
<!DOCTYPE HTML PUBLIC "-//W3C//DTD HTML 3.2 Final//EN">
<title>404 Not Found</title>
<h1>Not Found</h1>
<p>The requested URL was not found on the server.  If you entered the URL manually please check your spelling and try again.</p>

[u'<!DOCTYPE HTML PUBLIC "-//W3C//DTD HTML 3.2 Final//EN"> <title>404 Not Found</title> <h1>Not Found</h1> <p>The requested URL was not found on the server.', u'If you entered the URL manually please check your spelling and try again.</p>']
{'targetLang': 'en', 'text': '<!DOCTYPE HTML PUBLIC "-//W3C//DTD HTML 3.2 Final//EN">\n<title>404 Not Found</title>\n<h1>Not Found</h1>\n<p>The requested URL was not found on the server.  If you entered the URL manually please check your spelling and try again.</p>\n', 'alignmentInfo': 'true', 'sourceLang': 'zh', 'action': 'translate', 'nBestSize': 1}
<!DOCTYPE HTML PUBLIC "-//W3C//DTD HTML 3.2 Final//EN">
<title>404 Not Found</title>
<h1>Not Found</h1>
<p>The requested URL was not found on the server.  If you entered the URL manually please check your spelling and try again.</p>

[u'<!DOCTYPE HTML PUBLIC "-//W3C//DTD HTML 3.2 Final//EN"> <title>404 Not Found</title> <h1>Not Found</h1> <p>The requested URL was not found on the server.', u'If you entered the URL manually please check your spelling and try again.</p>']
{'targetLang': 'en', 'text': '<!DOCTYPE HTML PUBLIC "-//W3C//DTD HTML 3.2 Final//EN">\n<title>404 Not Found</title>\n<h1>Not Found</h1>\n<p>The requested URL was not found on the server.  If you entered the URL manually please check your spelling and try again.</p>\n', 'alignmentInfo': 'true', 'sourceLang': 'zh', 'action': 'translate', 'nBestSize': 1}
<!DOCTYPE HTML PUBLIC "-//W3C//DTD HTML 3.2 Final//EN">
<title>404 Not Found</title>
<h1>Not Found</h1>
<p>The requested URL was not found on the server.  If you entered the URL manually please check your spelling and try again.</p>

[u'<!DOCTYPE HTML PUBLIC "-//W3C//DTD HTML 3.2 Final//EN"> <title>404 Not Found</title> <h1>Not Found</h1> <p>The requested URL was not found on the server.', u'If you entered the URL manually please check your spelling and try again.</p>']
{'targetLang': 'en', 'text': u'"\u4f60 \u60f3 \u5e72 \u4ec0 3"', 'alignmentInfo': 'true', 'sourceLang': 'zh', 'action': 'translate', 'nBestSize': 1}
"ä½  æƒ³ å¹² ä»€ 3"
[u'"\u4f60 \u60f3 \u5e72 \u4ec0 3"']
{'targetLang': 'en', 'text': u'"\u770b \u6211 \u628a \u4f60 "', 'alignmentInfo': 'true', 'sourceLang': 'zh', 'action': 'translate', 'nBestSize': 1}
"çœ‹ æˆ‘ æŠŠ ä½  "
[u'"\u770b \u6211 \u628a \u4f60 "']
{'targetLang': 'en', 'text': u'"\u770b \u6211 \u628a \u4f60 \u7ed9 \u641e \u4e2a \u534a\u6b7b \uff3f "', 'alignmentInfo': 'true', 'sourceLang': 'zh', 'action': 'translate', 'nBestSize': 1}
"çœ‹ æˆ‘ æŠŠ ä½  ç»™ æ ä¸ª åŠæ­» ï¼¿ "
[u'"\u770b \u6211 \u628a \u4f60 \u7ed9 \u641e \u4e2a \u534a\u6b7b \uff3f "']
{'targetLang': 'en', 'text': u'"\u770b \u6211 \u628a \u4f60 \u7ed9 \u641e \u4e2a \u534a\u6b7b . "', 'alignmentInfo': 'true', 'sourceLang': 'zh', 'action': 'translate', 'nBestSize': 1}
"çœ‹ æˆ‘ æŠŠ ä½  ç»™ æ ä¸ª åŠæ­» . "
[u'"\u770b \u6211 \u628a \u4f60 \u7ed9 \u641e \u4e2a \u534a\u6b7b . "']
{'targetLang': 'en', 'text': u'"\u6211 \u8981 "', 'alignmentInfo': 'true', 'sourceLang': 'zh', 'action': 'translate', 'nBestSize': 1}
"æˆ‘ è¦ "
[u'"\u6211 \u8981 "']
{'targetLang': 'en', 'text': u'"\u62110.119.181.207 - - [23/Mar/2017 17:07:22] "POST / HTTP/1.1" 200 -
2017-03-23 17:07:32,878 - worker - New translate task
10.119.181.207 - - [23/Mar/2017 17:07:38] "POST / HTTP/1.1" 200 -
2017-03-23 17:07:44,352 - worker - New translate task
10.119.181.207 - - [23/Mar/2017 17:07:49] "POST / HTTP/1.1" 200 -
2017-03-23 17:07:49,345 - worker - New translate task
10.119.181.207 - - [23/Mar/2017 17:07:51] "POST / HTTP/1.1" 200 -
2017-03-23 17:07:51,165 - worker - New translate task
10.119.181.207 - - [23/Mar/2017 17:07:55] "POST / HTTP/1.1" 200 -
2017-03-23 17:07:55,420 - worker - New translate task
1 \u8981 \u7ed9 "', 'alignmentInfo': 'true', 'sourceLang': 'zh', 'action': 'translate', 'nBestSize': 1}
"æˆ‘ è¦ ç»™ "
[u'"\u6211 \u8981 \u7ed9 "']
{'targetLang': 'en', 'text': u'"\u6fb3\u95e8 \u5927\u5b66 \u4eba \u6587\u5b66\u9662 \u526f\u9662\u957f \u5f90\u6770 \u53c2\u8bc4 \u56fd\u5bb6\u6559\u80b2\u90e8 \u5b9e\u65bd \u7684 \\" \u957f\u6c5f \u5b66\u8005 \u5956\u52b1 \u8ba1\u5212 \\" , \u6210\u529f \u83b7\u9009 \u4e3a 2016\u5e74 \u5ea6 \\" \u8bed\u8a00\u5b66 \u53ca \u5e94\u7528 \u8bed\u8a00\u5b66 \\" \u4e13\u4e1a \u8303\u7574 \u552f\u4e00 \u4e00\u4f4d \\" \u957f\u6c5f \u5b66\u8005 \u8bb2\u5ea7 \u6559\u6388 \uff02 , \u6210\u4e3a \u9996\u4f4d \\" \u957f\u6c5f \u5b66\u8005 \u8bb2\u5ea7 \u6559\u6388 \\" \u7684 \u6fb3\u95e8 \u5b66\u8005 ."', 'alignmentInfo': 'true', 'sourceLang': 'zh', 'action': 'translate', 'nBestSize': 1}
"æ¾³é—¨ å¤§å­¦ äºº æ–‡å­¦é™¢ å‰¯é™¢é•¿ å¾æ° å‚è¯„ å›½å®¶æ•™è‚²éƒ¨ å®æ–½ çš„ \" é•¿æ±Ÿ å­¦è€… å¥–åŠ± è®¡åˆ’ \" , æˆåŠŸ è·é€‰ ä¸º 2016å¹´ åº¦ \" è¯­è¨€å­¦ åŠ åº”ç”¨ è¯­è¨€å­¦ \" ä¸“ä¸š èŒƒç•´ å”¯ä¸€ ä¸€ä½ \" é•¿æ±Ÿ å­¦è€… è®²åº§ æ•™æˆ ï¼‚ , æˆä¸º é¦–ä½ \" é•¿æ±Ÿ å­¦è€… è®²åº§ æ•™æˆ \" çš„ æ¾³é—¨ å­¦è€… ."
[u'"\u6fb3\u95e8 \u5927\u5b66 \u4eba \u6587\u5b66\u9662 \u526f\u9662\u957f \u5f90\u6770 \u53c2\u8bc4 \u56fd\u5bb6\u6559\u80b2\u90e8 \u5b9e\u65bd \u7684 \\" \u957f\u6c5f \u5b66\u8005 \u5956\u52b1 \u8ba1\u5212 \\" , \u6210\u529f \u83b7\u9009 \u4e3a 2016\u5e74 \u5ea6 \\" \u8bed\u8a00\u5b66 \u53ca \u5e94\u7528 \u8bed\u8a00\u5b66 \\" \u4e13\u4e1a \u8303\u7574 \u552f\u4e00 \u4e00\u4f4d \\" \u957f\u6c5f \u5b66\u8005 \u8bb2\u5ea7 \u6559\u6388 \uff02 , \u6210\u4e3a \u9996\u4f4d \\" \u957f\u6c5f \u5b66\u8005 \u8bb2\u5ea7 \u6559\u6388 \\" \u7684 \u6fb3\u95e8 \u5b66\u8005 ."']
{'targetLang': 'en', 'text': u'"\u6fb3\u95e8 \u5927\u5b66 \u4eba \u6587\u5b66\u9662 \u526f\u9662\u957f \u5f90\u6770 \u53c2\u8bc4 \u56fd\u5bb6\u6559\u80b2\u90e8 \u5b9e\u65bd \u7684 \\" \u957f\u6c5f \u5b66\u8005 \u5956\u52b1 \u8ba1\u5212 \\" , \u6210\u529f \u83b7\u9009 \u4e3a 2016\u5e74 \u5ea6 \\" \u8bed\u8a00\u5b66 \u53ca \u5e94\u7528 \u8bed\u8a00\u5b66 \\" \u4e13\u4e1a \u8303\u7574 \u552f\u4e00 \u4e00\u4f4d \\" \u957f\u6c5f \u5b66\u8005 \u8bb2\u5ea7 \u6559\u6388 \uff02 ,"', 'alignmentInfo': 'true', 'sourceLang': 'zh', 'action': 'translate', 'nBestSize': 1}
"æ¾³é—¨ å¤§å­¦ äºº æ–‡å­¦é™¢ å‰¯é™¢é•¿ å¾æ° å‚è¯„ å›½å®¶æ•™è‚²éƒ¨ å®æ–½ çš„ \" é•¿æ±Ÿ å­¦è€… å¥–åŠ± è®¡åˆ’ \" , æˆåŠŸ è·é€‰ ä¸º 2016å¹´ åº¦ \" è¯­è¨€å­¦ åŠ åº”ç”¨ è¯­è¨€å­¦ \" ä¸“ä¸š èŒƒç•´ å”¯ä¸€ ä¸€ä½ \" é•¿æ±Ÿ å­¦è€… è®²åº§ æ•™æˆ ï¼‚ ,"
[u'"\u6fb3\u95e8 \u5927\u5b66 \u4eba \u6587\u5b66\u9662 \u526f\u9662\u957f \u5f90\u6770 \u53c2\u8bc4 \u56fd\u5bb6\u6559\u80b2\u90e8 \u5b9e\u65bd \u7684 \\" \u957f\u6c5f \u5b66\u8005 \u5956\u52b1 \u8ba1\u5212 \\" , \u6210\u529f \u83b7\u9009 \u4e3a 2016\u5e74 \u5ea6 \\" \u8bed\u8a00\u5b66 \u53ca \u5e94\u7528 \u8bed\u8a00\u5b66 \\" \u4e13\u4e1a \u8303\u7574 \u552f\u4e00 \u4e00\u4f4d \\" \u957f\u6c5f \u5b66\u8005 \u8bb2\u5ea7 \u6559\u6388 \uff02 ,"']
{'targetLang': 'en', 'text': u'"\u6210\u4e3a \u9996\u4f4d \\" \u957f\u6c5f \u5b66\u8005 \u8bb2\u5ea7 \u6559\u6388 \\" \u7684 \u6fb3\u95e8 \u5b66\u8005 . "', 'alignmentInfo': 'true', 'sourceLang': 'zh', 'action': 'translate', 'nBestSize': 1}
"æˆä¸º é¦–ä½ \" é•¿æ±Ÿ å­¦è€… è®²åº§ æ•™æˆ \" çš„ æ¾³é—¨ å­¦è€… . "
[u'"\u6210\u4e3a \u9996\u4f4d \\" \u957f\u6c5f \u5b66\u8005 \u8bb2\u5ea7 \u6559\u6388 \\" \u7684 \u6fb3\u95e8 \u5b66\u8005 . "']
{'targetLang': 'en', 'text': u'"\u6fb3\u95e8 \u5927\u5b66 \u4eba \u6587\u5b66\u9662 \u526f\u9662\u957f \u5f90\u6770 \u53c2\u8bc4 \u56fd\u5bb6\u6559\u80b2\u90e8 \u5b9e\u65bd \u7684 \\" \u957f\u6c5f \u5b66\u8005 \u5956\u52b1 \u8ba1\u5212 \\" , "', 'alignmentInfo': 'true', 'sourceLang': 'zh', 'action': 'translate', 'nBestSize': 1}
"æ¾³é—¨ å¤§å­¦ äºº æ–‡å­¦é™¢ å‰¯é™¢é•¿ å¾æ° å‚è¯„ å›½å®¶æ•™è‚²éƒ¨ å®æ–½ çš„ \" é•¿æ±Ÿ å­¦è€… å¥–åŠ± è®¡åˆ’ \" , "
[u'"\u6fb3\u95e8 \u5927\u5b66 \u4eba \u6587\u5b66\u9662 \u526f\u9662\u957f \u5f90\u6770 \u53c2\u8bc4 \u56fd\u5bb6\u6559\u80b2\u90e8 \u5b9e\u65bd \u7684 \\" \u957f\u6c5f \u5b66\u8005 \u5956\u52b1 \u8ba1\u5212 \\" , "']
{'tar10.119.181.207 - - [23/Mar/2017 17:07:58] "POST / HTTP/1.1" 200 -
2017-03-23 17:07:58,973 - worker - New translate task
10.119.181.207 - - [23/Mar/2017 17:08:00] "POST / HTTP/1.1" 200 -
2017-03-23 17:08:54,359 - worker - New translate task
10.119.181.207 - - [23/Mar/2017 17:09:01] "POST / HTTP/1.1" 200 -
2017-03-23 17:09:48,280 - worker - New translate task
getLang': 'en', 'text': u'"\u6210\u529f \u83b7\u9009 \u4e3a 2016\u5e74 \u5ea6 \\" \u8bed\u8a00\u5b66 \u53ca \u5e94\u7528 \u8bed\u8a00\u5b66 \\" \u4e13\u4e1a \u8303\u7574 \u552f\u4e00 \u4e00\u4f4d \\" \u957f\u6c5f \u5b66\u8005 \u8bb2\u5ea7 \u6559\u6388 \uff02 ,"', 'alignmentInfo': 'true', 'sourceLang': 'zh', 'action': 'translate', 'nBestSize': 1}
"æˆåŠŸ è·é€‰ ä¸º 2016å¹´ åº¦ \" è¯­è¨€å­¦ åŠ åº”ç”¨ è¯­è¨€å­¦ \" ä¸“ä¸š èŒƒç•´ å”¯ä¸€ ä¸€ä½ \" é•¿æ±Ÿ å­¦è€… è®²åº§ æ•™æˆ ï¼‚ ,"
[u'"\u6210\u529f \u83b7\u9009 \u4e3a 2016\u5e74 \u5ea6 \\" \u8bed\u8a00\u5b66 \u53ca \u5e94\u7528 \u8bed\u8a00\u5b66 \\" \u4e13\u4e1a \u8303\u7574 \u552f\u4e00 \u4e00\u4f4d \\" \u957f\u6c5f \u5b66\u8005 \u8bb2\u5ea7 \u6559\u6388 \uff02 ,"']
{'targetLang': 'en', 'text': u'"\u6210\u4e3a \u9996\u4f4d \\" \u957f\u6c5f \u5b66\u8005 \u8bb2\u5ea7 \u6559\u6388 \\" \u7684 \u6fb3\u95e8 \u5b66\u8005 . "', 'alignmentInfo': 'true', 'sourceLang': 'zh', 'action': 'translate', 'nBestSize': 1}
"æˆä¸º é¦–ä½ \" é•¿æ±Ÿ å­¦è€… è®²åº§ æ•™æˆ \" çš„ æ¾³é—¨ å­¦è€… . "
[u'"\u6210\u4e3a \u9996\u4f4d \\" \u957f\u6c5f \u5b66\u8005 \u8bb2\u5ea7 \u6559\u6388 \\" \u7684 \u6fb3\u95e8 \u5b66\u8005 . "']
{'targetLang': 'en', 'text': u'"\u6fb3\u95e8 \u4f4d\u4e8e \u73e0\u6c5f\u4e09\u89d2\u6d32 \u897f\u4fa7 , \u5317\u9762 \u548c \u897f\u9762 \u4e3a \u5e7f\u4e1c\u7701 \u73e0\u6d77\u5e02 , \u4e1c\u9762 \u548c \u5357\u9762 \u6fd2\u4e34 \u5357\u4e2d\u56fd\u6d77 , \u662f \u4e2d\u534e\u4eba\u6c11\u5171\u548c\u56fd \u4e24 \u4e2a \u7279\u522b\u884c\u653f\u533a \u4e4b\u4e00 ( \u53e6\u4e00\u4e2a \u662f \u9999\u6e2f ) . "', 'alignmentInfo': 'true', 'sourceLang': 'zh', 'action': 'translate', 'nBestSize': 1}
"æ¾³é—¨ ä½äº ç æ±Ÿä¸‰è§’æ´² è¥¿ä¾§ , åŒ—é¢ å’Œ è¥¿é¢ ä¸º å¹¿ä¸œçœ ç æµ·å¸‚ , ä¸œé¢ å’Œ å—é¢ æ¿’ä¸´ å—ä¸­å›½æµ· , æ˜¯ ä¸­åäººæ°‘å…±å’Œå›½ ä¸¤ ä¸ª ç‰¹åˆ«è¡Œæ”¿åŒº ä¹‹ä¸€ ( å¦ä¸€ä¸ª æ˜¯ é¦™æ¸¯ ) . "
[u'"\u6fb3\u95e8 \u4f4d\u4e8e \u73e0\u6c5f\u4e09\u89d2\u6d32 \u897f\u4fa7 , \u5317\u9762 \u548c \u897f\u9762 \u4e3a \u5e7f\u4e1c\u7701 \u73e0\u6d77\u5e02 , \u4e1c\u9762 \u548c \u5357\u9762 \u6fd2\u4e34 \u5357\u4e2d\u56fd\u6d77 , \u662f \u4e2d\u534e\u4eba\u6c11\u5171\u548c\u56fd \u4e24 \u4e2a \u7279\u522b\u884c\u653f\u533a \u4e4b\u4e00 ( \u53e6\u4e00\u4e2a \u662f \u9999\u6e2f ) . "']
{'targetLang': 'en', 'text': u'"16\u4e16\u7eaa \u8461\u8404\u7259 \u5546\u4eba \u5b9a\u5c45 \u6fb3\u95e8 , \u5176\u540e \u8461 \u653f\u5e9c \u5bf9 \u5f53\u5730 \u5b9e\u884c \u7ba1 \u6cbb . \u6fb3\u95e8 \u81ea\u6b64 \u5373 \u6210\u4e3a \u4e2d\u56fd \u7b2c \u4e00\u4e2a \u6b27\u6d32 \u6b96\u6c11\u5730 , \u76f4\u81f3 1999\u5e7412\u670820\u65e5 \u7ed3\u675f \u6b96\u6c11 \u7edf\u6cbb , \u4e2d\u56fd \u6062\u590d \u5bf9 \u6fb3\u95e8 \u884c\u4f7f \u4e3b\u6743 \u6b62 . ( \u56e0\u6b64 \u6fb3\u95e8 \u4e5f\u662f \u6b27\u6d32 \u5728 \u4e2d\u56fd \u6700\u540e \u4e00\u4e2a \u6b96\u6c11\u5730 . ) \\" \u4e2d\u534e\u4eba\u6c11\u5171\u548c\u56fd \u653f\u5e9c \u548c \u8461\u8404\u7259\u5171\u548c\u56fd \u653f\u5e9c \u5173\u4e8e \u6fb3\u95e8 \u95ee\u9898 \u7684 \u8054\u5408\u58f0\u660e \\" \u4ee5\u53ca \\" \u4e2d\u56fd\u4eba\u6c11 \u5171\u548c\u56fd \u6fb3\u95e8 \u7279\u522b\u884c\u653f\u533a \u57fa\u672c\u6cd5 \\" \u8ba2 \u660e \u6fb3\u95e8 \u81ea \u56de\u5f52 \u540e , \u5b9e\u884c \u9ad8\u5ea6 \u81ea\u6cbb , \u4e94\u5341 \u5e74 \u4e0d\u53d8 ."', 'alignmentInfo': 'true', 'sourceLang': 'zh', 'action': 'translate', 'nBestSize': 1}
"16ä¸–çºª è‘¡è„ç‰™ å•†äºº å®šå±… æ¾³é—¨ , å…¶å è‘¡ æ”¿åºœ å¯¹ å½“åœ° å®è¡Œ ç®¡ æ²» . æ¾³é—¨ è‡ªæ­¤ å³ æˆä¸º ä¸­å›½ ç¬¬ ä¸€ä¸ª æ¬§æ´² æ®–æ°‘åœ° , ç›´è‡³ 1999å¹´12æœˆ20æ—¥ ç»“æŸ æ®–æ°‘ ç»Ÿæ²» , ä¸­å›½ æ¢å¤ å¯¹ æ¾³é—¨ è¡Œä½¿ ä¸»æƒ æ­¢ . ( å› æ­¤ æ¾³é—¨ ä¹Ÿæ˜¯ æ¬§æ´² åœ¨ ä¸­å›½ æœ€å ä¸€ä¸ª æ®–æ°‘åœ° . ) \" ä¸­åäººæ°‘å…±å’Œå›½ æ”¿åºœ å’Œ è‘¡è„ç‰™å…±å’Œå›½ æ”¿åºœ å…³äº æ¾³é—¨ é—®é¢˜ çš„ è”åˆå£°æ˜ \" ä»¥åŠ \" ä¸­å›½äººæ°‘ å…±å’Œå›½ æ¾³é—¨ ç‰¹åˆ«è¡Œæ”¿åŒº åŸºæœ¬æ³• \" è®¢ æ˜ æ¾³é—¨ è‡ª å›å½’ å , å®è¡Œ é«˜åº¦ è‡ªæ²» , äº”å å¹´ ä¸å˜ ."
[u'"16\u4e16\u7eaa \u8461\u8404\u7259 \u5546\u4eba \u5b9a\u5c45 \u6fb3\u95e8 , \u5176\u540e \u8461 \u653f\u5e9c \u5bf9 \u5f53\u5730 \u5b9e\u884c \u7ba110.119.181.207 - - [23/Mar/2017 17:09:55] "POST / HTTP/1.1" 200 -
2017-03-23 17:09:55,063 - worker - New translate task
10.119.181.207 - - [23/Mar/2017 17:09:59] "POST / HTTP/1.1" 200 -
2017-03-23 17:09:59,819 - worker - New translate task
10.119.181.207 - - [23/Mar/2017 17:10:08] "POST / HTTP/1.1" 200 -
2017-03-23 17:10:08,554 - worker - New translate task
 \u6cbb . \u6fb3\u95e8 \u81ea\u6b64 \u5373 \u6210\u4e3a \u4e2d\u56fd \u7b2c \u4e00\u4e2a \u6b27\u6d32 \u6b96\u6c11\u5730 , \u76f4\u81f3 1999\u5e7412\u670820\u65e5 \u7ed3\u675f \u6b96\u6c11 \u7edf\u6cbb , \u4e2d\u56fd \u6062\u590d \u5bf9 \u6fb3\u95e8 \u884c\u4f7f \u4e3b\u6743 \u6b62 . ( \u56e0\u6b64 \u6fb3\u95e8 \u4e5f\u662f \u6b27\u6d32 \u5728 \u4e2d\u56fd \u6700\u540e \u4e00\u4e2a \u6b96\u6c11\u5730 . ) \\" \u4e2d\u534e\u4eba\u6c11\u5171\u548c\u56fd \u653f\u5e9c \u548c \u8461\u8404\u7259\u5171\u548c\u56fd \u653f\u5e9c \u5173\u4e8e \u6fb3\u95e8 \u95ee\u9898 \u7684 \u8054\u5408\u58f0\u660e \\" \u4ee5\u53ca \\" \u4e2d\u56fd\u4eba\u6c11 \u5171\u548c\u56fd \u6fb3\u95e8 \u7279\u522b\u884c\u653f\u533a \u57fa\u672c\u6cd5 \\" \u8ba2 \u660e \u6fb3\u95e8 \u81ea \u56de\u5f52 \u540e , \u5b9e\u884c \u9ad8\u5ea6 \u81ea\u6cbb , \u4e94\u5341 \u5e74 \u4e0d\u53d8 ."']
{'targetLang': 'en', 'text': u'"16\u4e16\u7eaa \u8461\u8404\u7259 \u5546\u4eba \u5b9a\u5c45 \u6fb3\u95e8 , \u5176\u540e \u8461 \u653f\u5e9c \u5bf9 \u5f53\u5730 \u5b9e\u884c \u7ba1 \u6cbb . \u6fb3\u95e8 \u81ea\u6b64 \u5373 \u6210\u4e3a \u4e2d\u56fd \u7b2c \u4e00\u4e2a \u6b27\u6d32 \u6b96\u6c11\u5730 , \u76f4\u81f3 1999\u5e7412\u670820\u65e5 \u7ed3\u675f \u6b96\u6c11 \u7edf\u6cbb , \u4e2d\u56fd \u6062\u590d \u5bf9 \u6fb3\u95e8 \u884c\u4f7f \u4e3b\u6743 \u6b62 ."', 'alignmentInfo': 'true', 'sourceLang': 'zh', 'action': 'translate', 'nBestSize': 1}
"16ä¸–çºª è‘¡è„ç‰™ å•†äºº å®šå±… æ¾³é—¨ , å…¶å è‘¡ æ”¿åºœ å¯¹ å½“åœ° å®è¡Œ ç®¡ æ²» . æ¾³é—¨ è‡ªæ­¤ å³ æˆä¸º ä¸­å›½ ç¬¬ ä¸€ä¸ª æ¬§æ´² æ®–æ°‘åœ° , ç›´è‡³ 1999å¹´12æœˆ20æ—¥ ç»“æŸ æ®–æ°‘ ç»Ÿæ²» , ä¸­å›½ æ¢å¤ å¯¹ æ¾³é—¨ è¡Œä½¿ ä¸»æƒ æ­¢ ."
[u'"16\u4e16\u7eaa \u8461\u8404\u7259 \u5546\u4eba \u5b9a\u5c45 \u6fb3\u95e8 , \u5176\u540e \u8461 \u653f\u5e9c \u5bf9 \u5f53\u5730 \u5b9e\u884c \u7ba1 \u6cbb . \u6fb3\u95e8 \u81ea\u6b64 \u5373 \u6210\u4e3a \u4e2d\u56fd \u7b2c \u4e00\u4e2a \u6b27\u6d32 \u6b96\u6c11\u5730 , \u76f4\u81f3 1999\u5e7412\u670820\u65e5 \u7ed3\u675f \u6b96\u6c11 \u7edf\u6cbb , \u4e2d\u56fd \u6062\u590d \u5bf9 \u6fb3\u95e8 \u884c\u4f7f \u4e3b\u6743 \u6b62 ."']
{'targetLang': 'en', 'text': u'"( \u56e0\u6b64 \u6fb3\u95e8 \u4e5f\u662f \u6b27\u6d32 \u5728 \u4e2d\u56fd \u6700\u540e \u4e00\u4e2a \u6b96\u6c11\u5730 . ) \\" \u4e2d\u534e\u4eba\u6c11\u5171\u548c\u56fd \u653f\u5e9c \u548c \u8461\u8404\u7259\u5171\u548c\u56fd \u653f\u5e9c \u5173\u4e8e \u6fb3\u95e8 \u95ee\u9898 \u7684 \u8054\u5408\u58f0\u660e \\" \u4ee5\u53ca \\" \u4e2d\u56fd\u4eba\u6c11 \u5171\u548c\u56fd \u6fb3\u95e8 \u7279\u522b\u884c\u653f\u533a \u57fa\u672c\u6cd5 \\" \u8ba2 \u660e \u6fb3\u95e8 \u81ea \u56de\u5f52 \u540e , \u5b9e\u884c \u9ad8\u5ea6 \u81ea\u6cbb , \u4e94\u5341 \u5e74 \u4e0d\u53d8 ."', 'alignmentInfo': 'true', 'sourceLang': 'zh', 'action': 'translate', 'nBestSize': 1}
"( å› æ­¤ æ¾³é—¨ ä¹Ÿæ˜¯ æ¬§æ´² åœ¨ ä¸­å›½ æœ€å ä¸€ä¸ª æ®–æ°‘åœ° . ) \" ä¸­åäººæ°‘å…±å’Œå›½ æ”¿åºœ å’Œ è‘¡è„ç‰™å…±å’Œå›½ æ”¿åºœ å…³äº æ¾³é—¨ é—®é¢˜ çš„ è”åˆå£°æ˜ \" ä»¥åŠ \" ä¸­å›½äººæ°‘ å…±å’Œå›½ æ¾³é—¨ ç‰¹åˆ«è¡Œæ”¿åŒº åŸºæœ¬æ³• \" è®¢ æ˜ æ¾³é—¨ è‡ª å›å½’ å , å®è¡Œ é«˜åº¦ è‡ªæ²» , äº”å å¹´ ä¸å˜ ."
[u'"( \u56e0\u6b64 \u6fb3\u95e8 \u4e5f\u662f \u6b27\u6d32 \u5728 \u4e2d\u56fd \u6700\u540e \u4e00\u4e2a \u6b96\u6c11\u5730 . ) \\" \u4e2d\u534e\u4eba\u6c11\u5171\u548c\u56fd \u653f\u5e9c \u548c \u8461\u8404\u7259\u5171\u548c\u56fd \u653f\u5e9c \u5173\u4e8e \u6fb3\u95e8 \u95ee\u9898 \u7684 \u8054\u5408\u58f0\u660e \\" \u4ee5\u53ca \\" \u4e2d\u56fd\u4eba\u6c11 \u5171\u548c\u56fd \u6fb3\u95e8 \u7279\u522b\u884c\u653f\u533a \u57fa\u672c\u6cd5 \\" \u8ba2 \u660e \u6fb3\u95e8 \u81ea \u56de\u5f52 \u540e , \u5b9e\u884c \u9ad8\u5ea6 \u81ea\u6cbb , \u4e94\u5341 \u5e74 \u4e0d\u53d8 ."']
{'targetLang': 'en', 'text': u'"16\u4e16\u7eaa \u8461\u8404\u7259 \u5546\u4eba \u5b9a\u5c45 \u6fb3\u95e8 , \u5176\u540e \u8461 \u653f\u5e9c \u5bf9 \u5f53\u5730 \u5b9e\u884c \u7ba1 \u6cbb . \u6fb3\u95e8 \u81ea\u6b64 \u5373 \u6210\u4e3a \u4e2d\u56fd \u7b2c \u4e00\u4e2a \u6b27\u6d32 \u6b96\u6c11\u5730 , \u76f4\u81f3 1999\u5e7412\u670820\u65e5 \u7ed3\u675f \u6b96\u6c11 \u7edf\u6cbb , \u4e2d\u56fd \u6062\u10.119.181.207 - - [23/Mar/2017 17:10:13] "POST / HTTP/1.1" 200 -
2017-03-23 17:10:13,299 - worker - New translate task
10.119.181.207 - - [23/Mar/2017 17:10:14] "POST / HTTP/1.1" 200 -
2017-03-23 17:10:14,356 - worker - New translate task
10.119.181.207 - - [23/Mar/2017 17:10:20] "POST / HTTP/1.1" 200 -
2017-03-23 17:10:20,585 - worker - New translate task
10.119.181.207 - - [23/Mar/2017 17:10:22] "POST / HTTP/1.1" 200 -
2017-03-23 17:10:22,509 - worker - New translate task
10.119.181.207 - - [23/Mar/2017 17:10:25] "POST / HTTP/1.1" 200 -
2017-03-23 17:10:25,984 - worker - New translate task
590d \u5bf9 \u6fb3\u95e8 \u884c\u4f7f \u4e3b\u6743 \u6b62 ."', 'alignmentInfo': 'true', 'sourceLang': 'zh', 'action': 'translate', 'nBestSize': 1}
"16ä¸–çºª è‘¡è„ç‰™ å•†äºº å®šå±… æ¾³é—¨ , å…¶å è‘¡ æ”¿åºœ å¯¹ å½“åœ° å®è¡Œ ç®¡ æ²» . æ¾³é—¨ è‡ªæ­¤ å³ æˆä¸º ä¸­å›½ ç¬¬ ä¸€ä¸ª æ¬§æ´² æ®–æ°‘åœ° , ç›´è‡³ 1999å¹´12æœˆ20æ—¥ ç»“æŸ æ®–æ°‘ ç»Ÿæ²» , ä¸­å›½ æ¢å¤ å¯¹ æ¾³é—¨ è¡Œä½¿ ä¸»æƒ æ­¢ ."
[u'"16\u4e16\u7eaa \u8461\u8404\u7259 \u5546\u4eba \u5b9a\u5c45 \u6fb3\u95e8 , \u5176\u540e \u8461 \u653f\u5e9c \u5bf9 \u5f53\u5730 \u5b9e\u884c \u7ba1 \u6cbb . \u6fb3\u95e8 \u81ea\u6b64 \u5373 \u6210\u4e3a \u4e2d\u56fd \u7b2c \u4e00\u4e2a \u6b27\u6d32 \u6b96\u6c11\u5730 , \u76f4\u81f3 1999\u5e7412\u670820\u65e5 \u7ed3\u675f \u6b96\u6c11 \u7edf\u6cbb , \u4e2d\u56fd \u6062\u590d \u5bf9 \u6fb3\u95e8 \u884c\u4f7f \u4e3b\u6743 \u6b62 ."']
{'targetLang': 'en', 'text': u'"( \u56e0\u6b64 \u6fb3\u95e8 \u4e5f\u662f \u6b27\u6d32 \u5728 \u4e2d\u56fd \u6700\u540e \u4e00\u4e2a \u6b96\u6c11\u5730 . ) "', 'alignmentInfo': 'true', 'sourceLang': 'zh', 'action': 'translate', 'nBestSize': 1}
"( å› æ­¤ æ¾³é—¨ ä¹Ÿæ˜¯ æ¬§æ´² åœ¨ ä¸­å›½ æœ€å ä¸€ä¸ª æ®–æ°‘åœ° . ) "
[u'"( \u56e0\u6b64 \u6fb3\u95e8 \u4e5f\u662f \u6b27\u6d32 \u5728 \u4e2d\u56fd \u6700\u540e \u4e00\u4e2a \u6b96\u6c11\u5730 . ) "']
{'targetLang': 'en', 'text': u'"\\" \u4e2d\u534e\u4eba\u6c11\u5171\u548c\u56fd \u653f\u5e9c \u548c \u8461\u8404\u7259\u5171\u548c\u56fd \u653f\u5e9c \u5173\u4e8e \u6fb3\u95e8 \u95ee\u9898 \u7684 \u8054\u5408\u58f0\u660e \\" \u4ee5\u53ca \\" \u4e2d\u56fd\u4eba\u6c11 \u5171\u548c\u56fd \u6fb3\u95e8 \u7279\u522b\u884c\u653f\u533a \u57fa\u672c\u6cd5 \\" \u8ba2 \u660e \u6fb3\u95e8 \u81ea \u56de\u5f52 \u540e , \u5b9e\u884c \u9ad8\u5ea6 \u81ea\u6cbb , \u4e94\u5341 \u5e74 \u4e0d\u53d8 ."', 'alignmentInfo': 'true', 'sourceLang': 'zh', 'action': 'translate', 'nBestSize': 1}
"\" ä¸­åäººæ°‘å…±å’Œå›½ æ”¿åºœ å’Œ è‘¡è„ç‰™å…±å’Œå›½ æ”¿åºœ å…³äº æ¾³é—¨ é—®é¢˜ çš„ è”åˆå£°æ˜ \" ä»¥åŠ \" ä¸­å›½äººæ°‘ å…±å’Œå›½ æ¾³é—¨ ç‰¹åˆ«è¡Œæ”¿åŒº åŸºæœ¬æ³• \" è®¢ æ˜ æ¾³é—¨ è‡ª å›å½’ å , å®è¡Œ é«˜åº¦ è‡ªæ²» , äº”å å¹´ ä¸å˜ ."
[u'"\\" \u4e2d\u534e\u4eba\u6c11\u5171\u548c\u56fd \u653f\u5e9c \u548c \u8461\u8404\u7259\u5171\u548c\u56fd \u653f\u5e9c \u5173\u4e8e \u6fb3\u95e8 \u95ee\u9898 \u7684 \u8054\u5408\u58f0\u660e \\" \u4ee5\u53ca \\" \u4e2d\u56fd\u4eba\u6c11 \u5171\u548c\u56fd \u6fb3\u95e8 \u7279\u522b\u884c\u653f\u533a \u57fa\u672c\u6cd5 \\" \u8ba2 \u660e \u6fb3\u95e8 \u81ea \u56de\u5f52 \u540e , \u5b9e\u884c \u9ad8\u5ea6 \u81ea\u6cbb , \u4e94\u5341 \u5e74 \u4e0d\u53d8 ."']
{'targetLang': 'en', 'text': u'"16\u4e16\u7eaa \u8461\u8404\u7259 \u5546\u4eba \u5b9a\u5c45 \u6fb3\u95e8 , \u5176\u540e \u8461 \u653f\u5e9c \u5bf9 \u5f53\u5730 \u5b9e\u884c \u7ba1 \u6cbb ."', 'alignmentInfo': 'true', 'sourceLang': 'zh', 'action': 'translate', 'nBestSize': 1}
"16ä¸–çºª è‘¡è„ç‰™ å•†äºº å®šå±… æ¾³é—¨ , å…¶å è‘¡ æ”¿åºœ å¯¹ å½“åœ° å®è¡Œ ç®¡ æ²» ."
[u'"16\u4e16\u7eaa \u8461\u8404\u7259 \u5546\u4eba \u5b9a\u5c45 \u6fb3\u95e8 , \u5176\u540e \u8461 \u653f\u5e9c \u5bf9 \u5f53\u5730 \u5b9e\u884c \u7ba1 \u6cbb ."']
{'targetLang': 'en', 'text': u'"\u6fb3\u95e8 \u81ea\u6b64 \u5373 \u6210\u4e3a \u4e2d\u56fd \u7b2c \u4e00\u4e2a \u6b27\u6d32 \u6b96\u6c11\u5730 , \u76f4\u81f3 1999\u5e7412\u670820\u65e5 \u7ed3\u675f \u6b96\u6c11 \u7edf\u6cbb , \u4e2d\u56fd \u6062\u590d \u5bf9 \u6fb3\u95e8 \u884c\u4f7f \u4e3b\u6743 \u6b62 ."', 'alignmentInfo': 'true', 'sourceLang': 'zh', 'action': 'translate', 'nBestSize': 1}
"æ¾³é—¨ è‡ªæ­¤ å³ æˆä¸º ä¸­å›½ ç¬¬ ä¸€ä¸ª æ¬§æ´² æ®–æ°‘åœ° , ç›´è‡³ 1999å¹´12æœˆ20æ—¥ ç»“æŸ æ®–æ°‘ ç»Ÿæ²» , ä¸­å›½ æ¢å¤ å¯¹ æ¾³é—¨ è¡Œä½¿ ä¸»æƒ æ­¢ ."
[u'"\u6fb3\u95e8 \u81ea\u6b64 \u5373 \u6210\u4e3a \u4e2d\u56fd \u7b2c \u4e00\u4e2a \u6b27\u6d32 \u6b96\u6c11\u5730 , \u76f4\u81f3 1999\u5e7412\u670820\u65e5 \u7ed3\u675f \u6b96\u6c11 \u7edf\u6cbb , \u4e2d\u56fd \u6062\u590d \u5bf9 \u6fb3\u95e8 \u884c\u4f7f \u4e3b\u6743 \u6b62 ."']
{'targetLang': 'en', 'text': u'"( \u56e0\u6b64 \u6fb3\u95e8 \u4e5f\u662f \u6b27\u6d32 \u5728 \u4e2d\u56fd \u6700\u540e \u4e00\u4e2a \u6b96\u6c11\u5730 . ) "', 'alignmentInfo': '10.119.181.207 - - [23/Mar/2017 17:10:27] "POST / HTTP/1.1" 200 -
2017-03-23 17:10:27,043 - worker - New translate task
10.119.181.207 - - [23/Mar/2017 17:10:33] "POST / HTTP/1.1" 200 -
2017-03-23 17:19:48,442 - worker - New translate task
10.119.181.207 - - [23/Mar/2017 17:19:50] "POST / HTTP/1.1" 200 -
2017-03-23 17:19:50,643 - worker - New translate task
10.119.181.207 - - [23/Mar/2017 17:19:54] "POST / HTTP/1.1" 200 -
2017-03-23 17:19:54,145 - worker - New translate task
10.119.181.207 - - [23/Mar/2017 17:19:55] "POST / HTTP/1.1" 200 -
2017-03-23 17:19:55,219 - worker - New translate task
true', 'sourceLang': 'zh', 'action': 'translate', 'nBestSize': 1}
"( å› æ­¤ æ¾³é—¨ ä¹Ÿæ˜¯ æ¬§æ´² åœ¨ ä¸­å›½ æœ€å ä¸€ä¸ª æ®–æ°‘åœ° . ) "
[u'"( \u56e0\u6b64 \u6fb3\u95e8 \u4e5f\u662f \u6b27\u6d32 \u5728 \u4e2d\u56fd \u6700\u540e \u4e00\u4e2a \u6b96\u6c11\u5730 . ) "']
{'targetLang': 'en', 'text': u'"\\" \u4e2d\u534e\u4eba\u6c11\u5171\u548c\u56fd \u653f\u5e9c \u548c \u8461\u8404\u7259\u5171\u548c\u56fd \u653f\u5e9c \u5173\u4e8e \u6fb3\u95e8 \u95ee\u9898 \u7684 \u8054\u5408\u58f0\u660e \\" \u4ee5\u53ca \\" \u4e2d\u56fd\u4eba\u6c11 \u5171\u548c\u56fd \u6fb3\u95e8 \u7279\u522b\u884c\u653f\u533a \u57fa\u672c\u6cd5 \\" \u8ba2 \u660e \u6fb3\u95e8 \u81ea \u56de\u5f52 \u540e , \u5b9e\u884c \u9ad8\u5ea6 \u81ea\u6cbb , \u4e94\u5341 \u5e74 \u4e0d\u53d8 ."', 'alignmentInfo': 'true', 'sourceLang': 'zh', 'action': 'translate', 'nBestSize': 1}
"\" ä¸­åäººæ°‘å…±å’Œå›½ æ”¿åºœ å’Œ è‘¡è„ç‰™å…±å’Œå›½ æ”¿åºœ å…³äº æ¾³é—¨ é—®é¢˜ çš„ è”åˆå£°æ˜ \" ä»¥åŠ \" ä¸­å›½äººæ°‘ å…±å’Œå›½ æ¾³é—¨ ç‰¹åˆ«è¡Œæ”¿åŒº åŸºæœ¬æ³• \" è®¢ æ˜ æ¾³é—¨ è‡ª å›å½’ å , å®è¡Œ é«˜åº¦ è‡ªæ²» , äº”å å¹´ ä¸å˜ ."
[u'"\\" \u4e2d\u534e\u4eba\u6c11\u5171\u548c\u56fd \u653f\u5e9c \u548c \u8461\u8404\u7259\u5171\u548c\u56fd \u653f\u5e9c \u5173\u4e8e \u6fb3\u95e8 \u95ee\u9898 \u7684 \u8054\u5408\u58f0\u660e \\" \u4ee5\u53ca \\" \u4e2d\u56fd\u4eba\u6c11 \u5171\u548c\u56fd \u6fb3\u95e8 \u7279\u522b\u884c\u653f\u533a \u57fa\u672c\u6cd5 \\" \u8ba2 \u660e \u6fb3\u95e8 \u81ea \u56de\u5f52 \u540e , \u5b9e\u884c \u9ad8\u5ea6 \u81ea\u6cbb , \u4e94\u5341 \u5e74 \u4e0d\u53d8 ."']
{'targetLang': 'en', 'text': u'"16\u4e16\u7eaa \u8461\u8404\u7259 \u5546\u4eba \u5b9a\u5c45 \u6fb3\u95e8 , \u5176\u540e \u8461 \u653f\u5e9c \u5bf9 \u5f53\u5730 \u5b9e\u884c \u7ba1 \u6cbb ."', 'alignmentInfo': 'true', 'sourceLang': 'zh', 'action': 'translate', 'nBestSize': 1}
"16ä¸–çºª è‘¡è„ç‰™ å•†äºº å®šå±… æ¾³é—¨ , å…¶å è‘¡ æ”¿åºœ å¯¹ å½“åœ° å®è¡Œ ç®¡ æ²» ."
[u'"16\u4e16\u7eaa \u8461\u8404\u7259 \u5546\u4eba \u5b9a\u5c45 \u6fb3\u95e8 , \u5176\u540e \u8461 \u653f\u5e9c \u5bf9 \u5f53\u5730 \u5b9e\u884c \u7ba1 \u6cbb ."']
{'targetLang': 'en', 'text': u'"\u6fb3\u95e8 \u81ea\u6b64 \u5373 \u6210\u4e3a \u4e2d\u56fd \u7b2c \u4e00\u4e2a \u6b27\u6d32 \u6b96\u6c11\u5730 , \u76f4\u81f3 1999\u5e7412\u670820\u65e5 \u7ed3\u675f \u6b96\u6c11 \u7edf\u6cbb , \u4e2d\u56fd \u6062\u590d \u5bf9 \u6fb3\u95e8 \u884c\u4f7f \u4e3b\u6743 \u6b62 ."', 'alignmentInfo': 'true', 'sourceLang': 'zh', 'action': 'translate', 'nBestSize': 1}
"æ¾³é—¨ è‡ªæ­¤ å³ æˆä¸º ä¸­å›½ ç¬¬ ä¸€ä¸ª æ¬§æ´² æ®–æ°‘åœ° , ç›´è‡³ 1999å¹´12æœˆ20æ—¥ ç»“æŸ æ®–æ°‘ ç»Ÿæ²» , ä¸­å›½ æ¢å¤ å¯¹ æ¾³é—¨ è¡Œä½¿ ä¸»æƒ æ­¢ ."
[u'"\u6fb3\u95e8 \u81ea\u6b64 \u5373 \u6210\u4e3a \u4e2d\u56fd \u7b2c \u4e00\u4e2a \u6b27\u6d32 \u6b96\u6c11\u5730 , \u76f4\u81f3 1999\u5e7412\u670820\u65e5 \u7ed3\u675f \u6b96\u6c11 \u7edf\u6cbb , \u4e2d\u56fd \u6062\u590d \u5bf9 \u6fb3\u95e8 \u884c\u4f7f \u4e3b\u6743 \u6b62 ."']
{'targetLang': 'en', 'text': u'"( \u56e0\u6b64 \u6fb3\u95e8 \u4e5f\u662f \u6b27\u6d32 \u5728 \u4e2d\u56fd \u6700\u540e \u4e00\u4e2a \u6b96\u6c11\u5730 . ) "', 'alignmentInfo': 'true', 'sourceLang': 'zh', 'action': 'translate', 'nBestSize': 1}
"( å› æ­¤ æ¾³é—¨ ä¹Ÿæ˜¯ æ¬§æ´² åœ¨ ä¸­å›½ æœ€å ä¸€ä¸ª æ®–æ°‘åœ° . ) "
[u'"( \u56e0\u6b64 \u6fb3\u95e8 \u4e5f\u662f \u6b27\u6d32 \u5728 \u4e2d\u56fd \u6700\u540e \u4e00\u4e2a \u6b96\u6c11\u5730 . ) "']
{'targetLang': 'en', 'text': u'"\\" \u4e2d\u534e\u4eba\u6c11\u5171\u548c\u56fd \u653f\u5e9c \u548c \u8461\u8404\u7259\u5171\u548c\u56fd \u653f\u5e9c \u5173\u4e8e \u6fb3\u95e8 \u95ee\u9898 \u7684 \u8054\u5408\u58f0\u660e \\" \u4ee5\u53ca \\" \u4e2d\u56fd\u4eba\u6c11 \u5171\u548c\u56fd \u6fb3\u95e8 \u7279\u522b\u884c\u653f\u533a \u57fa\u672c\u6cd5 \\" \u8ba2 \u660e \u6fb3\u95e8 \u81ea \u56de\u5f52 \u540e , \u5b9e\u884c \u9ad8\u5ea6 \u81ea\u6cbb , \u4e94\u5341 \u5e74 \u4e0d\u53d8 ."', 'alignmentInfo': 'true', 'sourceLang': 'zh', 'action': 'translate', 'nBestSize': 1}
"\" ä¸­åäººæ°‘å…±å’Œå›½ æ”¿åºœ å’Œ è‘¡è„ç‰™å…±å’Œå›½ æ”¿åºœ å…³äº æ¾³é—¨ é—®é¢˜ çš„ è”åˆå£°æ˜ \" ä»¥åŠ \" ä¸­å›½äººæ°‘ å…±å’Œå›½ æ¾³é—¨ ç‰¹åˆ«è¡Œæ”¿åŒº åŸºæœ¬æ³10.119.181.207 - - [23/Mar/2017 17:20:01] "POST / HTTP/1.1" 200 -
2017-03-24 22:43:46,746 - worker - New translate task
10.119.181.207 - - [24/Mar/2017 22:43:47] "POST / HTTP/1.1" 200 -
2017-03-27 13:31:33,671 - worker - New translate task
10.119.181.207 - - [27/Mar/2017 13:31:38] "POST / HTTP/1.1" 200 -
2017-03-27 13:31:39,004 - worker - New translate task
• \" è®¢ æ˜ æ¾³é—¨ è‡ª å›å½’ å , å®è¡Œ é«˜åº¦ è‡ªæ²» , äº”å å¹´ ä¸å˜ ."
[u'"\\" \u4e2d\u534e\u4eba\u6c11\u5171\u548c\u56fd \u653f\u5e9c \u548c \u8461\u8404\u7259\u5171\u548c\u56fd \u653f\u5e9c \u5173\u4e8e \u6fb3\u95e8 \u95ee\u9898 \u7684 \u8054\u5408\u58f0\u660e \\" \u4ee5\u53ca \\" \u4e2d\u56fd\u4eba\u6c11 \u5171\u548c\u56fd \u6fb3\u95e8 \u7279\u522b\u884c\u653f\u533a \u57fa\u672c\u6cd5 \\" \u8ba2 \u660e \u6fb3\u95e8 \u81ea \u56de\u5f52 \u540e , \u5b9e\u884c \u9ad8\u5ea6 \u81ea\u6cbb , \u4e94\u5341 \u5e74 \u4e0d\u53d8 ."']
{'targetLang': 'en', 'text': u'"\u81ea\u7136 \u8bed\u8a00 \u5904\u7406 \u4e0e \u4e2d \u8461 \u673a\u5668\u7ffb\u8bd1 \u5b9e\u9a8c\u5ba4 "', 'alignmentInfo': 'true', 'sourceLang': 'zh', 'action': 'translate', 'nBestSize': 1}
"è‡ªç„¶ è¯­è¨€ å¤„ç† ä¸ ä¸­ è‘¡ æœºå™¨ç¿»è¯‘ å®éªŒå®¤ "
[u'"\u81ea\u7136 \u8bed\u8a00 \u5904\u7406 \u4e0e \u4e2d \u8461 \u673a\u5668\u7ffb\u8bd1 \u5b9e\u9a8c\u5ba4 "']
{'targetLang': 'en', 'text': u'"\u8fbe\u62c9\u65af \u5c0f\u725b , \u662f \u4e00\u652f \u4f4d\u4e8e \u7f8e\u56fd \u5f97\u514b\u8428\u65af\u5dde \u8fbe\u62c9\u65af \u7684 NBA \u7bee\u7403\u961f , \u5206 \u5c5e\u4e8e \u897f\u533a \u7684 \u897f\u5357 \u7ec4 , \u4e3b\u573a \u4e3a \u7f8e \u822a \u4e2d\u5fc3 . \u7403\u961f \u8001\u677f \u662f \u4ee5 \u7f51\u9645\u7f51 \u8def \u751f\u610f \u5174 \u5bb6 , \u6562 \u6012 \u6562 \u8a00 \u7684 \u9a6c\u514b \xb7 \u5e93 \u73ed . \u7403\u961f \u65bc 1980\u5e74 \u6210\u7acb , \u65bc 2006\u5e74 \u7403 \u5b63 \u9996\u5ea6 \u8fdb\u5165 NBA \u603b\u51b3\u8d5b , \u4f46 2 \u8fde\u80dc \u540e 4 \u8fde \u8d25 ,"', 'alignmentInfo': 'true', 'sourceLang': 'zh', 'action': 'translate', 'nBestSize': 1}
"è¾¾æ‹‰æ–¯ å°ç‰› , æ˜¯ ä¸€æ”¯ ä½äº ç¾å›½ å¾—å…‹è¨æ–¯å· è¾¾æ‹‰æ–¯ çš„ NBA ç¯®çƒé˜Ÿ , åˆ† å±äº è¥¿åŒº çš„ è¥¿å— ç»„ , ä¸»åœº ä¸º ç¾ èˆª ä¸­å¿ƒ . çƒé˜Ÿ è€æ¿ æ˜¯ ä»¥ ç½‘é™…ç½‘ è·¯ ç”Ÿæ„ å…´ å®¶ , æ•¢ æ€’ æ•¢ è¨€ çš„ é©¬å…‹ Â· åº“ ç­ . çƒé˜Ÿ æ–¼ 1980å¹´ æˆç«‹ , æ–¼ 2006å¹´ çƒ å­£ é¦–åº¦ è¿›å…¥ NBA æ€»å†³èµ› , ä½† 2 è¿èƒœ å 4 è¿ è´¥ ,"
[u'"\u8fbe\u62c9\u65af \u5c0f\u725b , \u662f \u4e00\u652f \u4f4d\u4e8e \u7f8e\u56fd \u5f97\u514b\u8428\u65af\u5dde \u8fbe\u62c9\u65af \u7684 NBA \u7bee\u7403\u961f , \u5206 \u5c5e\u4e8e \u897f\u533a \u7684 \u897f\u5357 \u7ec4 , \u4e3b\u573a \u4e3a \u7f8e \u822a \u4e2d\u5fc3 . \u7403\u961f \u8001\u677f \u662f \u4ee5 \u7f51\u9645\u7f51 \u8def \u751f\u610f \u5174 \u5bb6 , \u6562 \u6012 \u6562 \u8a00 \u7684 \u9a6c\u514b \xb7 \u5e93 \u73ed . \u7403\u961f \u65bc 1980\u5e74 \u6210\u7acb , \u65bc 2006\u5e74 \u7403 \u5b63 \u9996\u5ea6 \u8fdb\u5165 NBA \u603b\u51b3\u8d5b , \u4f46 2 \u8fde\u80dc \u540e 4 \u8fde \u8d25 ,"']
{'targetLang': 'en', 'text': u'"\u8fbe\u62c9\u65af \u5c0f\u725b , \u662f \u4e00\u652f \u4f4d\u4e8e \u7f8e\u56fd \u5f97\u514b\u8428\u65af\u5dde \u8fbe\u62c9\u65af \u7684 NBA \u7bee\u7403\u961f , \u5206 \u5c5e\u4e8e \u897f\u533a \u7684 \u897f\u5357 \u7ec4 , \u4e3b\u573a \u4e3a \u7f8e \u822a \u4e2d\u5fc3 . \u7403\u961f \u8001\u677f \u662f \u4ee5 \u7f51\u9645\u7f51 \u8def \u751f\u610f \u5174 \u5bb6 , \u6562 \u6012 \u6562 \u8a00 \u7684 \u9a6c\u514b \xb7 \u5e93 \u73ed . \u7403\u961f \u65bc 1980\u5e74 \u6210\u7acb , \u65bc 2006\u5e74 \u7403 \u5b63 \u9996\u5ea6 \u8fdb\u5165 NBA \u603b\u51b3\u8d5b , \u4f46 2 \u8fde\u80dc \u540e 4 \u8fde \u8d25 ,"', 'alignmentInfo': 'true', 'sourceLang': 'zh', 'action': 'translate', 'nBestSize': 1}
"è¾¾æ‹‰æ–¯ å°ç‰› , æ˜¯ ä¸€æ”¯ ä½äº ç¾å›½ å¾—å…‹è¨æ–¯å· è¾¾æ‹‰æ–¯ çš„ NBA ç¯®çƒé˜Ÿ , åˆ† å±äº è¥¿åŒº çš„ è¥¿å— ç»„ , ä¸»åœº ä¸º ç¾ èˆª ä¸­å¿ƒ . çƒé˜Ÿ è€æ¿ æ˜¯ ä»¥ ç½‘é™…ç½‘ è·¯ ç”Ÿæ„ å…´ å®¶ , æ•¢ æ€’ æ•¢ è¨€ çš„ é©¬å…‹ Â· åº“ ç­ . çƒé˜Ÿ æ–¼ 1980å¹´ æˆç«‹ , æ–¼ 2006å¹´ çƒ å­£ é¦–åº¦ è¿›å…¥ NBA æ€»å†³èµ› , ä½† 2 è¿èƒœ å 4 è¿ è´¥ ,"
[u'"\u8fbe\u62c9\u65af \u5c0f\u725b , \u662f \u4e00\u652f \u4f4d\u4e8e \u7f8e\u56fd \u5f97\u514b\u8428\u65af\u5dde \u8fbe\u62c9\u65af \u7684 NBA \u7bee\u7403\u961f , \u5206 \u5c5e\u4e8e \u897f\u533a \u7684 \u897f\u5357 \u7ec4 , \u4e3b\u573a \u4e3a \u7f8e \u822a \u4e2d\u5fc3 . \u7403\u961f \u8001\u677f \u662f \u4ee5 \u7f51\u9645\u7f51 \u8def \u751f\u610f \u5174 \u5b10.119.181.207 - - [27/Mar/2017 13:31:43] "POST / HTTP/1.1" 200 -
2017-03-27 13:31:43,961 - worker - New translate task
10.119.181.207 - - [27/Mar/2017 13:31:48] "POST / HTTP/1.1" 200 -
2017-03-27 13:31:48,915 - worker - New translate task
10.119.181.207 - - [27/Mar/2017 13:31:50] "POST / HTTP/1.1" 200 -
2017-03-27 13:31:51,014 - worker - New translate task
10.119.181.207 - - [27/Mar/2017 13:31:55] "POST / HTTP/1.1" 200 -
2017-03-27 13:31:55,855 - worker - New translate task
b6 , \u6562 \u6012 \u6562 \u8a00 \u7684 \u9a6c\u514b \xb7 \u5e93 \u73ed . \u7403\u961f \u65bc 1980\u5e74 \u6210\u7acb , \u65bc 2006\u5e74 \u7403 \u5b63 \u9996\u5ea6 \u8fdb\u5165 NBA \u603b\u51b3\u8d5b , \u4f46 2 \u8fde\u80dc \u540e 4 \u8fde \u8d25 ,"']
{'targetLang': 'en', 'text': u'"\u8fbe\u62c9\u65af \u5c0f\u725b , \u662f \u4e00\u652f \u4f4d\u4e8e \u7f8e\u56fd \u5f97\u514b\u8428\u65af\u5dde \u8fbe\u62c9\u65af \u7684 NBA \u7bee\u7403\u961f , \u5206 \u5c5e\u4e8e \u897f\u533a \u7684 \u897f\u5357 \u7ec4 , \u4e3b\u573a \u4e3a \u7f8e \u822a \u4e2d\u5fc3 . \u7403\u961f \u8001\u677f \u662f \u4ee5 \u7f51\u9645\u7f51 \u8def \u751f\u610f \u5174 \u5bb6 , \u6562 \u6012 \u6562 \u8a00 \u7684 \u9a6c\u514b \xb7 \u5e93 \u73ed . \u7403\u961f \u65bc 1980\u5e74 \u6210\u7acb , \u65bc 2006\u5e74 \u7403 \u5b63 \u9996\u5ea6 \u8fdb\u5165 NBA \u603b\u51b3\u8d5b , \u4f46 2 \u8fde\u80dc \u540e 4 \u8fde \u8d25 ,"', 'alignmentInfo': 'true', 'sourceLang': 'zh', 'action': 'translate', 'nBestSize': 1}
"è¾¾æ‹‰æ–¯ å°ç‰› , æ˜¯ ä¸€æ”¯ ä½äº ç¾å›½ å¾—å…‹è¨æ–¯å· è¾¾æ‹‰æ–¯ çš„ NBA ç¯®çƒé˜Ÿ , åˆ† å±äº è¥¿åŒº çš„ è¥¿å— ç»„ , ä¸»åœº ä¸º ç¾ èˆª ä¸­å¿ƒ . çƒé˜Ÿ è€æ¿ æ˜¯ ä»¥ ç½‘é™…ç½‘ è·¯ ç”Ÿæ„ å…´ å®¶ , æ•¢ æ€’ æ•¢ è¨€ çš„ é©¬å…‹ Â· åº“ ç­ . çƒé˜Ÿ æ–¼ 1980å¹´ æˆç«‹ , æ–¼ 2006å¹´ çƒ å­£ é¦–åº¦ è¿›å…¥ NBA æ€»å†³èµ› , ä½† 2 è¿èƒœ å 4 è¿ è´¥ ,"
[u'"\u8fbe\u62c9\u65af \u5c0f\u725b , \u662f \u4e00\u652f \u4f4d\u4e8e \u7f8e\u56fd \u5f97\u514b\u8428\u65af\u5dde \u8fbe\u62c9\u65af \u7684 NBA \u7bee\u7403\u961f , \u5206 \u5c5e\u4e8e \u897f\u533a \u7684 \u897f\u5357 \u7ec4 , \u4e3b\u573a \u4e3a \u7f8e \u822a \u4e2d\u5fc3 . \u7403\u961f \u8001\u677f \u662f \u4ee5 \u7f51\u9645\u7f51 \u8def \u751f\u610f \u5174 \u5bb6 , \u6562 \u6012 \u6562 \u8a00 \u7684 \u9a6c\u514b \xb7 \u5e93 \u73ed . \u7403\u961f \u65bc 1980\u5e74 \u6210\u7acb , \u65bc 2006\u5e74 \u7403 \u5b63 \u9996\u5ea6 \u8fdb\u5165 NBA \u603b\u51b3\u8d5b , \u4f46 2 \u8fde\u80dc \u540e 4 \u8fde \u8d25 ,"']
{'targetLang': 'en', 'text': u'"\u8fbe\u62c9\u65af \u5c0f\u725b , \u662f \u4e00\u652f \u4f4d\u4e8e \u7f8e\u56fd \u5f97\u514b\u8428\u65af\u5dde \u8fbe\u62c9\u65af \u7684 NBA \u7bee\u7403\u961f ,"', 'alignmentInfo': 'true', 'sourceLang': 'zh', 'action': 'translate', 'nBestSize': 1}
"è¾¾æ‹‰æ–¯ å°ç‰› , æ˜¯ ä¸€æ”¯ ä½äº ç¾å›½ å¾—å…‹è¨æ–¯å· è¾¾æ‹‰æ–¯ çš„ NBA ç¯®çƒé˜Ÿ ,"
[u'"\u8fbe\u62c9\u65af \u5c0f\u725b , \u662f \u4e00\u652f \u4f4d\u4e8e \u7f8e\u56fd \u5f97\u514b\u8428\u65af\u5dde \u8fbe\u62c9\u65af \u7684 NBA \u7bee\u7403\u961f ,"']
{'targetLang': 'en', 'text': u'"\u5206 \u5c5e\u4e8e \u897f\u533a \u7684 \u897f\u5357 \u7ec4 , \u4e3b\u573a \u4e3a \u7f8e \u822a \u4e2d\u5fc3 . \u7403\u961f \u8001\u677f \u662f \u4ee5 \u7f51\u9645\u7f51 \u8def \u751f\u610f \u5174 \u5bb6 , \u6562 \u6012 \u6562 \u8a00 \u7684 \u9a6c\u514b \xb7 \u5e93 \u73ed . \u7403\u961f \u65bc 1980\u5e74 \u6210\u7acb , \u65bc 2006\u5e74 \u7403 \u5b63 \u9996\u5ea6 \u8fdb\u5165 NBA \u603b\u51b3\u8d5b , \u4f46 2 \u8fde\u80dc \u540e 4 \u8fde \u8d25 ,"', 'alignmentInfo': 'true', 'sourceLang': 'zh', 'action': 'translate', 'nBestSize': 1}
"åˆ† å±äº è¥¿åŒº çš„ è¥¿å— ç»„ , ä¸»åœº ä¸º ç¾ èˆª ä¸­å¿ƒ . çƒé˜Ÿ è€æ¿ æ˜¯ ä»¥ ç½‘é™…ç½‘ è·¯ ç”Ÿæ„ å…´ å®¶ , æ•¢ æ€’ æ•¢ è¨€ çš„ é©¬å…‹ Â· åº“ ç­ . çƒé˜Ÿ æ–¼ 1980å¹´ æˆç«‹ , æ–¼ 2006å¹´ çƒ å­£ é¦–åº¦ è¿›å…¥ NBA æ€»å†³èµ› , ä½† 2 è¿èƒœ å 4 è¿ è´¥ ,"
[u'"\u5206 \u5c5e\u4e8e \u897f\u533a \u7684 \u897f\u5357 \u7ec4 , \u4e3b\u573a \u4e3a \u7f8e \u822a \u4e2d\u5fc3 . \u7403\u961f \u8001\u677f \u662f \u4ee5 \u7f51\u9645\u7f51 \u8def \u751f\u610f \u5174 \u5bb6 , \u6562 \u6012 \u6562 \u8a00 \u7684 \u9a6c\u514b \xb7 \u5e93 \u73ed . \u7403\u961f \u65bc 1980\u5e74 \u6210\u7acb , \u65bc 2006\u5e74 \u7403 \u5b63 \u9996\u5ea6 \u8fdb\u5165 NBA \u603b\u51b3\u8d5b , \u4f46 2 \u8fde\u80dc \u540e 4 \u8fde \u8d25 ,"']
{'targetLang': 'en', 'text': u'"\u8fbe\u62c9\u65af \u5c0f\u725b , \u662f \u4e00\u652f \u4f4d\u4e8e \u7f8e\u56fd \u5f97\u514b\u8428\u65af\u5dde \u8fbe\u62c9\u65af \u7684 NBA \u7bee\u7403\u961f ,"', 'alignmentInfo': 'true', 'sourceLang': 'zh', 'action': 'translate', 'nBestSize': 1}
"è¾¾æ‹‰æ–¯ å°ç‰› , 10.119.181.207 - - [27/Mar/2017 13:31:57] "POST / HTTP/1.1" 200 -
2017-03-27 13:31:57,934 - worker - New translate task
10.119.181.207 - - [27/Mar/2017 13:31:59] "POST / HTTP/1.1" 200 -
2017-03-27 13:32:00,016 - worker - New translate task
10.119.181.207 - - [27/Mar/2017 13:32:04] "POST / HTTP/1.1" 200 -
2017-03-27 13:32:04,182 - worker - New translate task
10.119.181.207 - - [27/Mar/2017 13:32:06] "POST / HTTP/1.1" 200 -
2017-03-27 13:32:06,281 - worker - New translate task
10.119.181.207 - - [27/Mar/2017 13:32:10] "POST / HTTP/1.1" 200 -
2017-03-27 13:32:10,906 - worker - New translate task
10.119.181.207 - - [27/Mar/2017 13:32:12] "POST / HTTP/1.1" 200 -
2017-03-27 13:32:12,984 - worker - New translate task
æ˜¯ ä¸€æ”¯ ä½äº ç¾å›½ å¾—å…‹è¨æ–¯å· è¾¾æ‹‰æ–¯ çš„ NBA ç¯®çƒé˜Ÿ ,"
[u'"\u8fbe\u62c9\u65af \u5c0f\u725b , \u662f \u4e00\u652f \u4f4d\u4e8e \u7f8e\u56fd \u5f97\u514b\u8428\u65af\u5dde \u8fbe\u62c9\u65af \u7684 NBA \u7bee\u7403\u961f ,"']
{'targetLang': 'en', 'text': u'"\u5206 \u5c5e\u4e8e \u897f\u533a \u7684 \u897f\u5357 \u7ec4 , \u4e3b\u573a \u4e3a \u7f8e \u822a \u4e2d\u5fc3 . \u7403\u961f \u8001\u677f \u662f \u4ee5 \u7f51\u9645\u7f51 \u8def \u751f\u610f \u5174 \u5bb6 , "', 'alignmentInfo': 'true', 'sourceLang': 'zh', 'action': 'translate', 'nBestSize': 1}
"åˆ† å±äº è¥¿åŒº çš„ è¥¿å— ç»„ , ä¸»åœº ä¸º ç¾ èˆª ä¸­å¿ƒ . çƒé˜Ÿ è€æ¿ æ˜¯ ä»¥ ç½‘é™…ç½‘ è·¯ ç”Ÿæ„ å…´ å®¶ , "
[u'"\u5206 \u5c5e\u4e8e \u897f\u533a \u7684 \u897f\u5357 \u7ec4 , \u4e3b\u573a \u4e3a \u7f8e \u822a \u4e2d\u5fc3 . \u7403\u961f \u8001\u677f \u662f \u4ee5 \u7f51\u9645\u7f51 \u8def \u751f\u610f \u5174 \u5bb6 , "']
{'targetLang': 'en', 'text': u'"\u6562 \u6012 \u6562 \u8a00 \u7684 \u9a6c\u514b \xb7 \u5e93 \u73ed . \u7403\u961f \u65bc 1980\u5e74 \u6210\u7acb , \u65bc 2006\u5e74 \u7403 \u5b63 \u9996\u5ea6 \u8fdb\u5165 NBA \u603b\u51b3\u8d5b , \u4f46 2 \u8fde\u80dc \u540e 4 \u8fde \u8d25 ,"', 'alignmentInfo': 'true', 'sourceLang': 'zh', 'action': 'translate', 'nBestSize': 1}
"æ•¢ æ€’ æ•¢ è¨€ çš„ é©¬å…‹ Â· åº“ ç­ . çƒé˜Ÿ æ–¼ 1980å¹´ æˆç«‹ , æ–¼ 2006å¹´ çƒ å­£ é¦–åº¦ è¿›å…¥ NBA æ€»å†³èµ› , ä½† 2 è¿èƒœ å 4 è¿ è´¥ ,"
[u'"\u6562 \u6012 \u6562 \u8a00 \u7684 \u9a6c\u514b \xb7 \u5e93 \u73ed . \u7403\u961f \u65bc 1980\u5e74 \u6210\u7acb , \u65bc 2006\u5e74 \u7403 \u5b63 \u9996\u5ea6 \u8fdb\u5165 NBA \u603b\u51b3\u8d5b , \u4f46 2 \u8fde\u80dc \u540e 4 \u8fde \u8d25 ,"']
{'targetLang': 'en', 'text': u'"\u8fbe\u62c9\u65af \u5c0f\u725b , \u662f \u4e00\u652f \u4f4d\u4e8e \u7f8e\u56fd \u5f97\u514b\u8428\u65af\u5dde \u8fbe\u62c9\u65af \u7684 NBA \u7bee\u7403\u961f ,"', 'alignmentInfo': 'true', 'sourceLang': 'zh', 'action': 'translate', 'nBestSize': 1}
"è¾¾æ‹‰æ–¯ å°ç‰› , æ˜¯ ä¸€æ”¯ ä½äº ç¾å›½ å¾—å…‹è¨æ–¯å· è¾¾æ‹‰æ–¯ çš„ NBA ç¯®çƒé˜Ÿ ,"
[u'"\u8fbe\u62c9\u65af \u5c0f\u725b , \u662f \u4e00\u652f \u4f4d\u4e8e \u7f8e\u56fd \u5f97\u514b\u8428\u65af\u5dde \u8fbe\u62c9\u65af \u7684 NBA \u7bee\u7403\u961f ,"']
{'targetLang': 'en', 'text': u'"\u5206 \u5c5e\u4e8e \u897f\u533a \u7684 \u897f\u5357 \u7ec4 , \u4e3b\u573a \u4e3a \u7f8e \u822a \u4e2d\u5fc3 . \u7403\u961f \u8001\u677f \u662f \u4ee5 \u7f51\u9645\u7f51 \u8def \u751f\u610f \u5174 \u5bb6 , \u6562 \u6012 \u6562 \u8a00 \u7684 \u9a6c\u514b \xb7 \u5e93 \u73ed . \u7403\u961f \u65bc 1980\u5e74 \u6210\u7acb , \u65bc 2006\u5e74 \u7403 \u5b63 \u9996\u5ea6 \u8fdb\u5165 NBA \u603b\u51b3\u8d5b , \u4f46 2 \u8fde\u80dc \u540e 4 \u8fde \u8d25 ,"', 'alignmentInfo': 'true', 'sourceLang': 'zh', 'action': 'translate', 'nBestSize': 1}
"åˆ† å±äº è¥¿åŒº çš„ è¥¿å— ç»„ , ä¸»åœº ä¸º ç¾ èˆª ä¸­å¿ƒ . çƒé˜Ÿ è€æ¿ æ˜¯ ä»¥ ç½‘é™…ç½‘ è·¯ ç”Ÿæ„ å…´ å®¶ , æ•¢ æ€’ æ•¢ è¨€ çš„ é©¬å…‹ Â· åº“ ç­ . çƒé˜Ÿ æ–¼ 1980å¹´ æˆç«‹ , æ–¼ 2006å¹´ çƒ å­£ é¦–åº¦ è¿›å…¥ NBA æ€»å†³èµ› , ä½† 2 è¿èƒœ å 4 è¿ è´¥ ,"
[u'"\u5206 \u5c5e\u4e8e \u897f\u533a \u7684 \u897f\u5357 \u7ec4 , \u4e3b\u573a \u4e3a \u7f8e \u822a \u4e2d\u5fc3 . \u7403\u961f \u8001\u677f \u662f \u4ee5 \u7f51\u9645\u7f51 \u8def \u751f\u610f \u5174 \u5bb6 , \u6562 \u6012 \u6562 \u8a00 \u7684 \u9a6c\u514b \xb7 \u5e93 \u73ed . \u7403\u961f \u65bc 1980\u5e74 \u6210\u7acb , \u65bc 2006\u5e74 \u7403 \u5b63 \u9996\u5ea6 \u8fdb\u5165 NBA \u603b\u51b3\u8d5b , \u4f46 2 \u8fde\u80dc \u540e 4 \u8fde \u8d25 ,"']
{'targetLang': 'en', 'text': u'"\u8fbe\u62c9\u65af \u5c0f\u725b , \u662f \u4e00\u652f \u4f4d\u4e8e \u7f8e\u56fd \u5f97\u514b\u8428\u65af\u5dde \u8fbe\u62c9\u65af \u7684 NBA \u7bee\u7403\u961f ,"', 'alignmentInfo': 'true', 'sourceLang': 'zh', 'action': 'translate', 'nBestSize': 1}
"è¾¾æ‹‰æ–¯ å°ç‰› , æ˜¯ ä¸€æ”¯ ä½äº ç¾å›½ å¾—å…‹è¨æ–¯å· è¾¾æ‹‰æ–¯ çš„ NBA ç¯®çƒé˜Ÿ ,"
[u'"\u8fbe\u62c9\u65af \u5c0f\u725b , \u662f \u4e00\u652f \u4f4d\u4e8e \u7f8e\u56fd \u5f97\u514b\u8428\u65af\u5dde \u8fbe\u62c9\u65af \u7684 NBA \u7bee\u7403\u961f ,"']
{'targetLang': 'en', 'text': u'"\u5206 \u5c5e\u4e8e \u10.119.181.207 - - [27/Mar/2017 13:32:17] "POST / HTTP/1.1" 200 -
2017-03-27 13:32:17,351 - worker - New translate task
10.119.181.207 - - [27/Mar/2017 13:32:20] "POST / HTTP/1.1" 200 -
2017-03-27 13:48:37,706 - worker - New translate task
10.119.181.207 - - [27/Mar/2017 13:48:46] "POST / HTTP/1.1" 200 -
2017-03-27 13:48:46,450 - worker - New translate task
10.119.181.207 - - [27/Mar/2017 13:48:49] "POST / HTTP/1.1" 200 -
2017-03-27 13:48:49,335 - worker - New translate task
897f\u533a \u7684 \u897f\u5357 \u7ec4 , \u4e3b\u573a \u4e3a \u7f8e \u822a \u4e2d\u5fc3 . \u7403\u961f \u8001\u677f \u662f \u4ee5 \u7f51\u9645\u7f51 \u8def \u751f\u610f \u5174 \u5bb6 , \u6562 \u6012 \u6562 \u8a00 \u7684 \u9a6c\u514b \xb7 \u5e93 \u73ed . "', 'alignmentInfo': 'true', 'sourceLang': 'zh', 'action': 'translate', 'nBestSize': 1}
"åˆ† å±äº è¥¿åŒº çš„ è¥¿å— ç»„ , ä¸»åœº ä¸º ç¾ èˆª ä¸­å¿ƒ . çƒé˜Ÿ è€æ¿ æ˜¯ ä»¥ ç½‘é™…ç½‘ è·¯ ç”Ÿæ„ å…´ å®¶ , æ•¢ æ€’ æ•¢ è¨€ çš„ é©¬å…‹ Â· åº“ ç­ . "
[u'"\u5206 \u5c5e\u4e8e \u897f\u533a \u7684 \u897f\u5357 \u7ec4 , \u4e3b\u573a \u4e3a \u7f8e \u822a \u4e2d\u5fc3 . \u7403\u961f \u8001\u677f \u662f \u4ee5 \u7f51\u9645\u7f51 \u8def \u751f\u610f \u5174 \u5bb6 , \u6562 \u6012 \u6562 \u8a00 \u7684 \u9a6c\u514b \xb7 \u5e93 \u73ed . "']
{'targetLang': 'en', 'text': u'"\u7403\u961f \u65bc 1980\u5e74 \u6210\u7acb , \u65bc 2006\u5e74 \u7403 \u5b63 \u9996\u5ea6 \u8fdb\u5165 NBA \u603b\u51b3\u8d5b , \u4f46 2 \u8fde\u80dc \u540e 4 \u8fde \u8d25 ,"', 'alignmentInfo': 'true', 'sourceLang': 'zh', 'action': 'translate', 'nBestSize': 1}
"çƒé˜Ÿ æ–¼ 1980å¹´ æˆç«‹ , æ–¼ 2006å¹´ çƒ å­£ é¦–åº¦ è¿›å…¥ NBA æ€»å†³èµ› , ä½† 2 è¿èƒœ å 4 è¿ è´¥ ,"
[u'"\u7403\u961f \u65bc 1980\u5e74 \u6210\u7acb , \u65bc 2006\u5e74 \u7403 \u5b63 \u9996\u5ea6 \u8fdb\u5165 NBA \u603b\u51b3\u8d5b , \u4f46 2 \u8fde\u80dc \u540e 4 \u8fde \u8d25 ,"']
{'targetLang': 'en', 'text': u'"\u8fbe\u62c9\u65af \u5c0f\u725b , \u662f \u4e00\u652f \u4f4d\u4e8e \u7f8e\u56fd \u5f97\u514b\u8428\u65af\u5dde \u8fbe\u62c9\u65af \u7684 NBA \u7bee\u7403\u961f , \u5206 \u5c5e\u4e8e \u897f\u533a \u7684 \u897f\u5357 \u7ec4 , \u4e3b\u573a \u4e3a \u7f8e \u822a \u4e2d\u5fc3 . \u7403\u961f \u8001\u677f \u662f \u4ee5 \u7f51\u9645\u7f51 \u8def \u751f\u610f \u5174 \u5bb6 , \u6562 \u6012 \u6562 \u8a00 \u7684 \u9a6c\u514b \xb7 \u5e93 \u73ed ."', 'alignmentInfo': 'true', 'sourceLang': 'zh', 'action': 'translate', 'nBestSize': 1}
"è¾¾æ‹‰æ–¯ å°ç‰› , æ˜¯ ä¸€æ”¯ ä½äº ç¾å›½ å¾—å…‹è¨æ–¯å· è¾¾æ‹‰æ–¯ çš„ NBA ç¯®çƒé˜Ÿ , åˆ† å±äº è¥¿åŒº çš„ è¥¿å— ç»„ , ä¸»åœº ä¸º ç¾ èˆª ä¸­å¿ƒ . çƒé˜Ÿ è€æ¿ æ˜¯ ä»¥ ç½‘é™…ç½‘ è·¯ ç”Ÿæ„ å…´ å®¶ , æ•¢ æ€’ æ•¢ è¨€ çš„ é©¬å…‹ Â· åº“ ç­ ."
[u'"\u8fbe\u62c9\u65af \u5c0f\u725b , \u662f \u4e00\u652f \u4f4d\u4e8e \u7f8e\u56fd \u5f97\u514b\u8428\u65af\u5dde \u8fbe\u62c9\u65af \u7684 NBA \u7bee\u7403\u961f , \u5206 \u5c5e\u4e8e \u897f\u533a \u7684 \u897f\u5357 \u7ec4 , \u4e3b\u573a \u4e3a \u7f8e \u822a \u4e2d\u5fc3 . \u7403\u961f \u8001\u677f \u662f \u4ee5 \u7f51\u9645\u7f51 \u8def \u751f\u610f \u5174 \u5bb6 , \u6562 \u6012 \u6562 \u8a00 \u7684 \u9a6c\u514b \xb7 \u5e93 \u73ed ."']
{'targetLang': 'en', 'text': u'"\u7403\u961f \u65bc 1980\u5e74 \u6210\u7acb , \u65bc 2006\u5e74 \u7403 \u5b63 \u9996\u5ea6 \u8fdb\u5165 NBA \u603b\u51b3\u8d5b , \u4f46 2 \u8fde\u80dc \u540e 4 \u8fde \u8d25 ,"', 'alignmentInfo': 'true', 'sourceLang': 'zh', 'action': 'translate', 'nBestSize': 1}
"çƒé˜Ÿ æ–¼ 1980å¹´ æˆç«‹ , æ–¼ 2006å¹´ çƒ å­£ é¦–åº¦ è¿›å…¥ NBA æ€»å†³èµ› , ä½† 2 è¿èƒœ å 4 è¿ è´¥ ,"
[u'"\u7403\u961f \u65bc 1980\u5e74 \u6210\u7acb , \u65bc 2006\u5e74 \u7403 \u5b63 \u9996\u5ea6 \u8fdb\u5165 NBA \u603b\u51b3\u8d5b , \u4f46 2 \u8fde\u80dc \u540e 4 \u8fde \u8d25 ,"']
{'targetLang': 'en', 'text': u'"\u8fbe\u62c9\u65af \u5c0f\u725b , \u662f \u4e00\u652f \u4f4d\u4e8e \u7f8e\u56fd \u5f97\u514b\u8428\u65af\u5dde \u8fbe\u62c9\u65af \u7684 NBA \u7bee\u7403\u961f , \u5206 \u5c5e\u4e8e \u897f\u533a \u7684 \u897f\u5357 \u7ec4 , \u4e3b\u573a \u4e3a \u7f8e \u822a \u4e2d\u5fc3 . \u7403\u961f \u8001\u677f \u662f \u4ee5 \u7f51\u9645\u7f51 \u8def \u751f\u610f \u5174 \u5bb6 , \u6562 \u6012 \u6562 \u8a00 \u7684 \u9a6c\u514b \xb7 \u5e93 \u73ed . \u7403\u961f \u65bc 1980\u5e74 \u6210\u7acb , \u65bc 2006\u5e74 \u7403 \u5b63 \u9996\u5ea6 \u8fdb\u5165 NBA \u603b\u51b3\u8d5b , \u4f46 2 \u8fde\u80dc \u540e 4 \u8fde \u8d25 ,"', 'alignmentInfo': 'true', 'sourceLang': 'zh', 'action': 'translate', 'nBestSize': 1}
"è¾¾æ‹‰æ–¯ å°ç‰› , æ˜¯ ä¸€æ”¯ ä½äº ç¾å›½ å¾—å…‹è¨æ–¯å· è¾¾æ‹‰æ–¯ çš„ NBA ç¯®çƒé˜Ÿ , åˆ† å±äº è¥¿åŒº çš„ è¥¿å— ç»„ , ä¸»åœº ä¸º ç¾ èˆª ä¸­å¿ƒ . çƒé˜10.119.181.207 - - [27/Mar/2017 13:48:54] "POST / HTTP/1.1" 200 -
2017-03-27 13:48:54,300 - worker - New translate task
10.119.181.207 - - [27/Mar/2017 13:48:59] "POST / HTTP/1.1" 200 -
2017-03-27 13:53:52,270 - worker - New translate task
10.119.181.207 - - [27/Mar/2017 13:53:52] "POST / HTTP/1.1" 200 -
2017-03-27 13:56:24,961 - worker - New translate task
10.119.181.207 - - [27/Mar/2017 13:56:25] "POST / HTTP/1.1" 200 -
2017-03-27 13:56:26,797 - worker - New translate task
10.119.181.207 - - [27/Mar/2017 13:56:27] "POST / HTTP/1.1" 200 -
2017-03-27 14:44:57,309 - worker - Merged configuration file: ../config/worker.cfg
2017-03-27 14:44:57,309 - worker - Configuration loaded
2017-03-27 14:44:57,309 - worker - Starting XML-RPC server on port 3334
2017-03-27 14:44:57,331 - worker - Server started
2017-03-29 16:00:16,259 - worker - Merged configuration file: ../config/worker.cfg
2017-03-29 16:00:16,260 - worker - Configuration loaded
2017-03-29 16:00:16,260 - worker - Starting XML-RPC server on port 3335
2017-03-29 16:00:16,279 - worker - Server started
2017-03-29 16:02:43,475 - worker - New translate task
10.119.181.207 - - [29/Mar/2017 16:02:44] "POST / HTTP/1.1" 200 -
2017-03-29 16:03:07,457 - worker - New translate task
10.119.181.207 - - [29/Mar/2017 16:03:08] "POST / HTTP/1.1" 200 -
2017-03-29 19:46:47,304 - worker - New translate task
10.119.181.207 - - [29/Mar/2017 19:46:58] "POST / HTTP/1.1" 200 -
2017-03-29 19:46:58,819 - worker - New translate task
10.119.181.207 - - [29/Mar/2017 19:47:10] "POST / HTTP/1.1" 200 -
2017-03-29 19:47:10,327 - worker - New translate task
{'targetLang': 'pt', 'text': u'"\u4f60 \u60f3 \u5e72\u4ec0\u4e48 \u5440 ? ? ? "', 'alignmentInfo': 'true', 'sourceLang': 'zh', 'action': 'translate', 'nBestSize': 1}
"ä½  æƒ³ å¹²ä»€ä¹ˆ å‘€ ? ? ? "
[u'"\u4f60 \u60f3 \u5e72\u4ec0\u4e48 \u5440 ? ? ? "']
{'targetLang': 'pt', 'text': u'"\u4f60 \u60f3 \u5e72\u4ec0\u4e48 \u5440 ? ? ? "', 'alignmentInfo': 'true', 'sourceLang': 'zh', 'action': 'translate', 'nBestSize': 1}
"ä½  æƒ³ å¹²ä»€ä¹ˆ å‘€ ? ? ? "
[u'"\u4f60 \u60f3 \u5e72\u4ec0\u4e48 \u5440 ? ? ? "']
{'targetLang': 'pt', 'text': u'\u73af\u4fdd , \u5168\u79f0 \u73af\u5883\u4fdd\u62a4 , \u662f \u6307 \u4eba\u7c7b \u4e3a \u89e3\u51b3 \u73b0\u5b9e \u7684 \u6216 \u6f5c\u5728 \u7684 \u73af\u5883 \u95ee\u9898 , \u534f\u8c03 \u4eba\u7c7b \u4e0e \u73af\u5883 \u7684 \u5173\u7cfb , \u4fdd\u969c \u7ecf\u6d4e \u793e\u4f1a \u7684 \u6301\u7eed \u53d1\u5c55 \u800c \u91c7\u53d6 \u7684 \u5404\u79cd \u884c\u52a8 \u7684 \u603b\u79f0 . \u5176 \u65b9\u6cd5 \u548c \u624b\u6bb5 \u6709 \u5de5\u7a0b \u6280\u672f \u7684 , \u884c\u653f\u7ba1\u7406 \u7684 , \u4e5f \u6709 \u6cd5\u5f8b \u7684 , \u7ecf\u6d4e \u7684 , \u5ba3\u4f20 \u6559\u80b2 \u7684 \u7b49 . ', 'alignmentInfo': 'true', 'sourceLang': 'zh', 'action': 'translate', 'nBestSize': 1}
ç¯ä¿ , å…¨ç§° ç¯å¢ƒä¿æŠ¤ , æ˜¯ æŒ‡ äººç±» ä¸º è§£å†³ ç°å® çš„ æˆ– æ½œåœ¨ çš„ ç¯å¢ƒ é—®é¢˜ , åè°ƒ äººç±» ä¸ ç¯å¢ƒ çš„ å…³ç³» , ä¿éšœ ç»æµ ç¤¾ä¼š çš„ æŒç»­ å‘å±• è€Œ é‡‡å– çš„ å„ç§ è¡ŒåŠ¨ çš„ æ€»ç§° . å…¶ æ–¹æ³• å’Œ æ‰‹æ®µ æœ‰ å·¥ç¨‹ æŠ€æœ¯ çš„ , è¡Œæ”¿ç®¡ç† çš„ , ä¹Ÿ æœ‰ æ³•å¾‹ çš„ , ç»æµ çš„ , å®£ä¼  æ•™è‚² çš„ ç­‰ . 
[u'\u73af\u4fdd , \u5168\u79f0 \u73af\u5883\u4fdd\u62a4 , \u662f \u6307 \u4eba\u7c7b \u4e3a \u89e3\u51b3 \u73b0\u5b9e \u7684 \u6216 \u6f5c\u5728 \u7684 \u73af\u5883 \u95ee\u9898 , \u534f\u8c03 \u4eba\u7c7b \u4e0e \u73af\u5883 \u7684 \u5173\u7cfb , \u4fdd\u969c \u7ecf\u6d4e \u793e\u4f1a \u7684 \u6301\u7eed \u53d1\u5c55 \u800c \u91c7\u53d6 \u7684 \u5404\u79cd \u884c\u52a8 \u7684 \u603b\u79f0 . \u5176 \u65b9\u6cd5 \u548c \u624b\u6bb5 \u6709 \u5de5\u7a0b \u6280\u672f \u7684 , \u884c\u653f\u7ba1\u7406 \u7684 , \u4e5f \u6709 \u6cd5\u5f8b \u7684 , \u7ecf\u6d4e \u7684 , \u5ba3\u4f20 \u6559\u80b2 \u7684 \u7b49 .']
{'targetLang': 'pt', 'text': u'\u73af\u4fdd , \u5168\u79f0 \u73af\u5883\u4fdd\u62a4 , \u662f \u6307 \u4eba\u7c7b \u4e3a \u89e3\u51b3 \u73b0\u5b9e \u7684 \u6216 \u6f5c\u5728 \u7684 \u73af\u5883 \u95ee\u9898 , \u534f\u8c03 \u4eba\u7c7b \u4e0e \u73af\u5883 \u7684 \u5173\u7cfb , \u4fdd\u969c \u7ecf\u6d4e \u793e\u4f1a \u7684 \u6301\u7eed \u53d1\u5c55 \u800c \u91c7\u53d6 \u7684 \u5404\u79cd \u884c\u52a8 \u7684 \u603b\u79f0 . \u5176 \u65b9\u6cd5 \u548c \u624b\u6bb5 \u6709 \u5de5\u7a0b \u6280\u672f \u7684 , \u884c\u653f\u7ba1\u7406 \u7684 , \u4e5f \u6709 \u6cd5\u5f8b \u7684 , \u7ecf\u6d4e \u7684 , \u5ba3\u4f20 \u6559\u80b2 \u7684 \u7b49 . ', 'alignmentInfo': 'true', 'sourceLang': 'zh', 'action': 'translate', 'nBestSize': 1}
ç¯ä¿ , å…¨ç§° ç¯å¢ƒä¿æŠ¤ , æ˜¯ æŒ‡ äººç±» ä¸º è§£å†³ ç°å® çš„ æˆ– æ½œåœ¨ çš„ ç¯å¢ƒ é—®é¢˜ , åè°ƒ äººç±» ä¸ ç¯å¢ƒ çš„ å…³ç³» , ä¿éšœ ç»æµ ç¤¾ä¼š çš„ æŒç»­ å‘å±• è€Œ é‡‡å– çš„ å„ç§ è¡ŒåŠ¨ çš„ æ€»ç§° . å…¶ æ–¹æ³• å’Œ æ‰‹æ®µ æœ‰ å·¥ç¨‹ æŠ€æœ¯ çš„ , è¡Œæ”¿ç®¡ç† çš„ , ä¹Ÿ æœ‰ æ³•å¾‹ çš„ , ç»æµ çš„ , å®£ä¼  æ•™è‚² çš„ ç­‰ . 
[u'\u73af\u4fdd , \u5168\u79f0 \u73af\u5883\u4fdd\u62a4 , \u662f \u6307 \u4eba\u7c7b \u4e3a \u89e3\u51b3 \u73b0\u5b9e \u7684 \u6216 \u6f5c\u5728 \u7684 \u73af\u5883 \u95ee\u9898 , \u534f\u8c03 \u4eba\u7c7b \u4e0e \u73af\u5883 \u7684 \u5173\u7cfb , \u4fdd\u969c \u7ecf\u6d4e \u793e\u4f1a \u7684 \u6301\u7eed \u53d1\u5c55 \u800c \u91c7\u53d6 \u7684 \u5404\u79cd \u884c\u52a8 \u7684 \u603b\u79f0 . \u5176 \u65b9\u6cd5 \u548c \u624b\u6bb5 \u6709 \u5de5\u7a0b \u6280\u672f \u7684 , \u884c\u653f\u7ba1\u7406 \u7684 , \u4e5f \u6709 \u6cd5\u5f8b \u7684 , \u7ecf\u6d4e \u7684 , \u5ba3\u4f20 \u6559\u80b2 \u7684 \u7b49 .']
{'targetLang': 'pt', 'text': u'\u73af\u4fdd , \u5168\u79f0 \u73af\u5883\u4fdd\u62a4 , \u662f \u6307 \u4eba\u7c7b \u4e3a \u89e3\u51b3 \u73b0\u5b9e \u7684 \u6216 \u6f5c\u5728 \u7684 \u73af\u5883 \u95ee\u9898 , \u534f\u8c03 \u4eba\u7c710.119.181.207 - - [29/Mar/2017 19:47:21] "POST / HTTP/1.1" 200 -
2017-03-29 19:47:24,191 - worker - New translate task
10.119.181.207 - - [29/Mar/2017 19:47:33] "POST / HTTP/1.1" 200 -
2017-03-29 19:47:33,100 - worker - New translate task
10.119.181.207 - - [29/Mar/2017 19:47:33] "POST / HTTP/1.1" 200 -
2017-03-29 19:47:33,351 - worker - New translate task
b \u4e0e \u73af\u5883 \u7684 \u5173\u7cfb , \u4fdd\u969c \u7ecf\u6d4e \u793e\u4f1a \u7684 \u6301\u7eed \u53d1\u5c55 \u800c \u91c7\u53d6 \u7684 \u5404\u79cd \u884c\u52a8 \u7684 \u603b\u79f0 . \u5176 \u65b9\u6cd5 \u548c \u624b\u6bb5 \u6709 \u5de5\u7a0b \u6280\u672f \u7684 , \u884c\u653f\u7ba1\u7406 \u7684 , \u4e5f \u6709 \u6cd5\u5f8b \u7684 , \u7ecf\u6d4e \u7684 , \u5ba3\u4f20 \u6559\u80b2 \u7684 \u7b49 . ', 'alignmentInfo': 'true', 'sourceLang': 'zh', 'action': 'translate', 'nBestSize': 1}
ç¯ä¿ , å…¨ç§° ç¯å¢ƒä¿æŠ¤ , æ˜¯ æŒ‡ äººç±» ä¸º è§£å†³ ç°å® çš„ æˆ– æ½œåœ¨ çš„ ç¯å¢ƒ é—®é¢˜ , åè°ƒ äººç±» ä¸ ç¯å¢ƒ çš„ å…³ç³» , ä¿éšœ ç»æµ ç¤¾ä¼š çš„ æŒç»­ å‘å±• è€Œ é‡‡å– çš„ å„ç§ è¡ŒåŠ¨ çš„ æ€»ç§° . å…¶ æ–¹æ³• å’Œ æ‰‹æ®µ æœ‰ å·¥ç¨‹ æŠ€æœ¯ çš„ , è¡Œæ”¿ç®¡ç† çš„ , ä¹Ÿ æœ‰ æ³•å¾‹ çš„ , ç»æµ çš„ , å®£ä¼  æ•™è‚² çš„ ç­‰ . 
[u'\u73af\u4fdd , \u5168\u79f0 \u73af\u5883\u4fdd\u62a4 , \u662f \u6307 \u4eba\u7c7b \u4e3a \u89e3\u51b3 \u73b0\u5b9e \u7684 \u6216 \u6f5c\u5728 \u7684 \u73af\u5883 \u95ee\u9898 , \u534f\u8c03 \u4eba\u7c7b \u4e0e \u73af\u5883 \u7684 \u5173\u7cfb , \u4fdd\u969c \u7ecf\u6d4e \u793e\u4f1a \u7684 \u6301\u7eed \u53d1\u5c55 \u800c \u91c7\u53d6 \u7684 \u5404\u79cd \u884c\u52a8 \u7684 \u603b\u79f0 . \u5176 \u65b9\u6cd5 \u548c \u624b\u6bb5 \u6709 \u5de5\u7a0b \u6280\u672f \u7684 , \u884c\u653f\u7ba1\u7406 \u7684 , \u4e5f \u6709 \u6cd5\u5f8b \u7684 , \u7ecf\u6d4e \u7684 , \u5ba3\u4f20 \u6559\u80b2 \u7684 \u7b49 .']
{'targetLang': 'pt', 'text': u'1 . \u73af\u5883\u4fdd\u62a4 ( \u7b80\u79f0 \u73af\u4fdd ) \u7531\u4e8e \u5de5\u4e1a \u53d1\u5c55 \u5bfc\u81f4 \u73af\u5883\u6c61\u67d3 \u95ee\u9898 \u8fc7\u4e8e \u4e25\u91cd , \u9996\u5148 \u5f15\u8d77 \u5de5\u4e1a\u5316 \u56fd\u5bb6 \u7684 \u91cd\u89c6 \u800c \u4ea7\u751f \u7684 , \u5229\u7528 \u56fd\u5bb6 \u6cd5\u5f8b \u6cd5\u89c4 \u548c \u8206\u8bba \u5ba3\u4f20 \u800c \u4f7f \u5168\u793e\u4f1a \u91cd\u89c6 \u548c \u5904\u7406 \u6c61\u67d3 \u95ee\u9898 .', 'alignmentInfo': 'true', 'sourceLang': 'zh', 'action': 'translate', 'nBestSize': 1}
1 . ç¯å¢ƒä¿æŠ¤ ( ç®€ç§° ç¯ä¿ ) ç”±äº å·¥ä¸š å‘å±• å¯¼è‡´ ç¯å¢ƒæ±¡æŸ“ é—®é¢˜ è¿‡äº ä¸¥é‡ , é¦–å…ˆ å¼•èµ· å·¥ä¸šåŒ– å›½å®¶ çš„ é‡è§† è€Œ äº§ç”Ÿ çš„ , åˆ©ç”¨ å›½å®¶ æ³•å¾‹ æ³•è§„ å’Œ èˆ†è®º å®£ä¼  è€Œ ä½¿ å…¨ç¤¾ä¼š é‡è§† å’Œ å¤„ç† æ±¡æŸ“ é—®é¢˜ .
[u'1 . \u73af\u5883\u4fdd\u62a4 ( \u7b80\u79f0 \u73af\u4fdd ) \u7531\u4e8e \u5de5\u4e1a \u53d1\u5c55 \u5bfc\u81f4 \u73af\u5883\u6c61\u67d3 \u95ee\u9898 \u8fc7\u4e8e \u4e25\u91cd , \u9996\u5148 \u5f15\u8d77 \u5de5\u4e1a\u5316 \u56fd\u5bb6 \u7684 \u91cd\u89c6 \u800c \u4ea7\u751f \u7684 , \u5229\u7528 \u56fd\u5bb6 \u6cd5\u5f8b \u6cd5\u89c4 \u548c \u8206\u8bba \u5ba3\u4f20 \u800c \u4f7f \u5168\u793e\u4f1a \u91cd\u89c6 \u548c \u5904\u7406 \u6c61\u67d3 \u95ee\u9898 .']
{'targetLang': 'pt', 'text': u'\u4fdd\u62a4 ', 'alignmentInfo': 'true', 'sourceLang': 'zh', 'action': 'translate', 'nBestSize': 1}
ä¿æŠ¤ 
[u'\u4fdd\u62a4']
{'targetLang': 'pt', 'text': u'1.1962 \u5e74 \u7f8e\u56fd \u751f\u7269\u5b66\u5bb6 \u660e\u786e \u4e86 \u519c\u836f \u6740\u866b\u5242 DDT \u5bf9 \u73af\u5883 \u7684 \u6c61\u67d3 \u548c \u7834\u574f \u73af\u5883 \u4f5c\u7528 , \u7531\u4e8e \u8be5 \u4e66 \u7684 \u8b66\u793a , \u7f8e\u56fd \u653f\u5e9c \u5f00\u59cb \u5bf9 \u5267\u6bd2 \u6740\u866b\u5242 \u95ee\u9898 \u8fdb\u884c \u8c03\u67e5 , \u5e76 \u4e8e 1970\u5e74 \u6210\u7acb \u4e86 \u73af\u5883\u4fdd\u62a4 \u5c40 , \u5404 \u5dde \u4e5f \u76f8\u7ee7 \u901a\u8fc7 \u7981\u6b62 \u751f\u4ea7 \u548c \u4f7f\u7528 \u5267\u6bd2 \u6740\u866b\u5242 \u7684 \u6cd5\u5f8b . \u7531\u4e8e \u6b64\u4e8b , \u8be5 \u4e66 \u88ab \u8ba4\u4e3a \u662f 20\u4e16\u7eaa \u73af\u5883 \u751f\u6001\u5b66 \u7684 \u6807\u5fd7 \u6027 \u8d77\u70b9 .', 'alignmentInfo': 'true', 'sourceLang': 'zh', 'action': 'translate', 'nBestSize': 1}
1.1962 å¹´ ç¾å›½ ç”Ÿç‰©å­¦å®¶ æ˜ç¡® äº† å†œè¯ æ€è™«å‰‚ DDT å¯¹ ç¯å¢ƒ çš„ æ±¡æŸ“ å’Œ ç ´å ç¯å¢ƒ ä½œç”¨ , ç”±äº è¯¥ ä¹¦ çš„ è­¦ç¤º , ç¾å›½ æ”¿åºœ å¼€å§‹ å¯¹ å‰§æ¯’ æ€è™«å‰‚ é—®é¢˜ è¿›è¡Œ è°ƒæŸ¥ , å¹¶ äº 1970å¹´ æˆç«‹ äº† ç¯å¢ƒä¿æŠ¤ å±€ , å„ å· ä¹Ÿ ç›¸ç»§ é€šè¿‡ ç¦æ­¢ ç”Ÿäº§ å’Œ ä½¿ç”¨ å‰§æ¯’ æ€è™«å‰‚ çš10.119.181.207 - - [29/Mar/2017 19:47:48] "POST / HTTP/1.1" 200 -
2017-03-29 19:47:48,591 - worker - New translate task
10.119.181.207 - - [29/Mar/2017 19:47:58] "POST / HTTP/1.1" 200 -
2017-03-29 19:47:58,772 - worker - New translate task
„ æ³•å¾‹ . ç”±äº æ­¤äº‹ , è¯¥ ä¹¦ è¢« è®¤ä¸º æ˜¯ 20ä¸–çºª ç¯å¢ƒ ç”Ÿæ€å­¦ çš„ æ ‡å¿— æ€§ èµ·ç‚¹ .
[u'1.1962 \u5e74 \u7f8e\u56fd \u751f\u7269\u5b66\u5bb6 \u660e\u786e \u4e86 \u519c\u836f \u6740\u866b\u5242 DDT \u5bf9 \u73af\u5883 \u7684 \u6c61\u67d3 \u548c \u7834\u574f \u73af\u5883 \u4f5c\u7528 , \u7531\u4e8e \u8be5 \u4e66 \u7684 \u8b66\u793a , \u7f8e\u56fd \u653f\u5e9c \u5f00\u59cb \u5bf9 \u5267\u6bd2 \u6740\u866b\u5242 \u95ee\u9898 \u8fdb\u884c \u8c03\u67e5 , \u5e76 \u4e8e 1970\u5e74 \u6210\u7acb \u4e86 \u73af\u5883\u4fdd\u62a4 \u5c40 , \u5404 \u5dde \u4e5f \u76f8\u7ee7 \u901a\u8fc7 \u7981\u6b62 \u751f\u4ea7 \u548c \u4f7f\u7528 \u5267\u6bd2 \u6740\u866b\u5242 \u7684 \u6cd5\u5f8b . \u7531\u4e8e \u6b64\u4e8b , \u8be5 \u4e66 \u88ab \u8ba4\u4e3a \u662f 20\u4e16\u7eaa \u73af\u5883 \u751f\u6001\u5b66 \u7684 \u6807\u5fd7 \u6027 \u8d77\u70b9 .']
{'targetLang': 'pt', 'text': u'2.1972 \u5e74 6\u67085\u65e5\u81f316\u65e5 \u7531 \u8054\u5408\u56fd \u53d1\u8d77 , \u5728 \u65af\u5fb7\u54e5\u5c14\u6469 \u53ec\u5f00 " \u7b2c\u4e00\u5c4a \u8054\u5408\u56fd \u4eba\u7c7b \u73af\u5883 \u4f1a\u8bae " , \u63d0\u51fa \u4e86 \u8457\u540d \u7684 " \u4eba\u7c7b \u73af\u5883 \u5ba3\u8a00 " , \u662f \u73af\u5883\u4fdd\u62a4 \u4e8b\u4e1a \u6b63\u5f0f \u5f15\u8d77 \u4e16\u754c \u5404\u56fd \u653f\u5e9c \u91cd\u89c6 \u7684 \u5f00\u7aef . \u4e2d\u56fd\u653f\u5e9c \u4e5f \u53c2\u52a0 \u4e86 \u8fd9\u4e2a \u4f1a\u8bae .', 'alignmentInfo': 'true', 'sourceLang': 'zh', 'action': 'translate', 'nBestSize': 1}
2.1972 å¹´ 6æœˆ5æ—¥è‡³16æ—¥ ç”± è”åˆå›½ å‘èµ· , åœ¨ æ–¯å¾·å“¥å°”æ‘© å¬å¼€ " ç¬¬ä¸€å±Š è”åˆå›½ äººç±» ç¯å¢ƒ ä¼šè®® " , æå‡º äº† è‘—å çš„ " äººç±» ç¯å¢ƒ å®£è¨€ " , æ˜¯ ç¯å¢ƒä¿æŠ¤ äº‹ä¸š æ­£å¼ å¼•èµ· ä¸–ç•Œ å„å›½ æ”¿åºœ é‡è§† çš„ å¼€ç«¯ . ä¸­å›½æ”¿åºœ ä¹Ÿ å‚åŠ  äº† è¿™ä¸ª ä¼šè®® .
[u'2.1972 \u5e74 6\u67085\u65e5\u81f316\u65e5 \u7531 \u8054\u5408\u56fd \u53d1\u8d77 , \u5728 \u65af\u5fb7\u54e5\u5c14\u6469 \u53ec\u5f00 " \u7b2c\u4e00\u5c4a \u8054\u5408\u56fd \u4eba\u7c7b \u73af\u5883 \u4f1a\u8bae " , \u63d0\u51fa \u4e86 \u8457\u540d \u7684 " \u4eba\u7c7b \u73af\u5883 \u5ba3\u8a00 " , \u662f \u73af\u5883\u4fdd\u62a4 \u4e8b\u4e1a \u6b63\u5f0f \u5f15\u8d77 \u4e16\u754c \u5404\u56fd \u653f\u5e9c \u91cd\u89c6 \u7684 \u5f00\u7aef . \u4e2d\u56fd\u653f\u5e9c \u4e5f \u53c2\u52a0 \u4e86 \u8fd9\u4e2a \u4f1a\u8bae .']
{'targetLang': 'pt', 'text': u'3 . \u4e2d\u534e\u4eba\u6c11\u5171\u548c\u56fd \u7684 \u73af\u5883\u4fdd\u62a4 \u4e8b\u4e1a \u4e5f\u662f \u4ece 1972\u5e74 \u5f00\u59cb \u8d77\u6b65 , \u5317\u4eac\u5e02 \u6210\u7acb \u4e86 \u5b98\u5385\u6c34\u5e93 \u4fdd\u62a4 \u529e\u516c\u5ba4 , \u6cb3\u5317\u7701 \u6210\u7acb \u4e86 \u4e09\u5e9f \u5904\u7406 \u529e\u516c\u5ba4 \u5171\u540c\u7814\u7a76 \u5904\u7406 \u4f4d\u4e8e \u5b98\u5385\u6c34\u5e93 \u7554 \u5c5e\u4e8e \u6cb3\u5317\u7701 \u7684 \u6c99\u57ce \u519c\u836f \u5382 \u6c61\u67d3 \u5b98\u5385\u6c34\u5e93 \u95ee\u9898 , \u5bfc\u81f4 \u4e2d\u56fd \u9881\u5e03 \u6cd5\u5f8b \u6b63\u5f0f \u89c4\u5b9a \u5728 \u5168\u56fd \u8303\u56f4 \u5185 \u7981\u6b62 \u751f\u4ea7 \u548c \u4f7f\u7528 " DDT " .', 'alignmentInfo': 'true', 'sourceLang': 'zh', 'action': 'translate', 'nBestSize': 1}
3 . ä¸­åäººæ°‘å…±å’Œå›½ çš„ ç¯å¢ƒä¿æŠ¤ äº‹ä¸š ä¹Ÿæ˜¯ ä» 1972å¹´ å¼€å§‹ èµ·æ­¥ , åŒ—äº¬å¸‚ æˆç«‹ äº† å®˜å…æ°´åº“ ä¿æŠ¤ åŠå…¬å®¤ , æ²³åŒ—çœ æˆç«‹ äº† ä¸‰åºŸ å¤„ç† åŠå…¬å®¤ å…±åŒç ”ç©¶ å¤„ç† ä½äº å®˜å…æ°´åº“ ç•” å±äº æ²³åŒ—çœ çš„ æ²™åŸ å†œè¯ å‚ æ±¡æŸ“ å®˜å…æ°´åº“ é—®é¢˜ , å¯¼è‡´ ä¸­å›½ é¢å¸ƒ æ³•å¾‹ æ­£å¼ è§„å®š åœ¨ å…¨å›½ èŒƒå›´ å†… ç¦æ­¢ ç”Ÿäº§ å’Œ ä½¿ç”¨ " DDT " .
[u'3 . \u4e2d\u534e\u4eba\u6c11\u5171\u548c\u56fd \u7684 \u73af\u5883\u4fdd\u62a4 \u4e8b\u4e1a \u4e5f\u662f \u4ece 1972\u5e74 \u5f00\u59cb \u8d77\u6b65 , \u5317\u4eac\u5e02 \u6210\u7acb \u4e86 \u5b98\u5385\u6c34\u5e93 \u4fdd\u62a4 \u529e\u516c\u5ba4 , \u6cb3\u5317\u7701 \u6210\u7acb \u4e86 \u4e09\u5e9f \u5904\u7406 \u529e\u516c\u5ba4 \u5171\u540c\u7814\u7a76 \u5904\u7406 \u4f4d\u4e8e \u5b98\u5385\u6c34\u5e93 \u7554 \u5c5e\u4e8e \u6cb3\u5317\u7701 \u7684 \u6c99\u57ce \u519c\u836f \u5382 \u6c61\u67d3 \u5b98\u5385\u6c34\u5e93 \u95ee\u9898 10.119.181.207 - - [29/Mar/2017 19:48:15] "POST / HTTP/1.1" 200 -
2017-03-29 19:48:15,637 - worker - New translate task
10.119.181.207 - - [29/Mar/2017 19:48:26] "POST / HTTP/1.1" 200 -
2017-03-29 19:48:26,766 - worker - New translate task
10.119.181.207 - - [29/Mar/2017 19:48:32] "POST / HTTP/1.1" 200 -
2017-03-29 19:48:32,440 - worker - New translate task
10.119.181.207 - - [29/Mar/2017 19:48:41] "POST / HTTP/1.1" 200 -
2017-03-29 19:48:41,070 - worker - New translate task
, \u5bfc\u81f4 \u4e2d\u56fd \u9881\u5e03 \u6cd5\u5f8b \u6b63\u5f0f \u89c4\u5b9a \u5728 \u5168\u56fd \u8303\u56f4 \u5185 \u7981\u6b62 \u751f\u4ea7 \u548c \u4f7f\u7528 " DDT " .']
{'targetLang': 'pt', 'text': u'4.1973 \u5e74 \u6210\u7acb \u56fd\u5bb6 \u5efa\u59d4 \u4e0b\u8bbe \u7684 \u73af\u5883\u4fdd\u62a4 \u529e\u516c\u5ba4 , \u540e\u6765 \u6539\u4e3a \u7531 \u56fd\u52a1\u9662 \u76f4\u5c5e \u7684 \u90e8\u7ea7 \u56fd\u5bb6 \u73af\u5883\u4fdd\u62a4 \u603b\u5c40 . \u5728 2008\u5e74 " \u4e24\u4f1a " , \u73af\u4fdd \u603b\u5c40 \u5347\u683c\u4e3a " \u73af\u4fdd \u603b\u90e8 " . \u5e76 \u5bf9 \u5168\u56fd \u7684 \u73af\u5883\u4fdd\u62a4 \u5b9e\u65bd \u7edf\u4e00 \u7684 \u76d1\u7763 \u7ba1\u7406 .', 'alignmentInfo': 'true', 'sourceLang': 'zh', 'action': 'translate', 'nBestSize': 1}
4.1973 å¹´ æˆç«‹ å›½å®¶ å»ºå§” ä¸‹è®¾ çš„ ç¯å¢ƒä¿æŠ¤ åŠå…¬å®¤ , åæ¥ æ”¹ä¸º ç”± å›½åŠ¡é™¢ ç›´å± çš„ éƒ¨çº§ å›½å®¶ ç¯å¢ƒä¿æŠ¤ æ€»å±€ . åœ¨ 2008å¹´ " ä¸¤ä¼š " , ç¯ä¿ æ€»å±€ å‡æ ¼ä¸º " ç¯ä¿ æ€»éƒ¨ " . å¹¶ å¯¹ å…¨å›½ çš„ ç¯å¢ƒä¿æŠ¤ å®æ–½ ç»Ÿä¸€ çš„ ç›‘ç£ ç®¡ç† .
[u'4.1973 \u5e74 \u6210\u7acb \u56fd\u5bb6 \u5efa\u59d4 \u4e0b\u8bbe \u7684 \u73af\u5883\u4fdd\u62a4 \u529e\u516c\u5ba4 , \u540e\u6765 \u6539\u4e3a \u7531 \u56fd\u52a1\u9662 \u76f4\u5c5e \u7684 \u90e8\u7ea7 \u56fd\u5bb6 \u73af\u5883\u4fdd\u62a4 \u603b\u5c40 . \u5728 2008\u5e74 " \u4e24\u4f1a " , \u73af\u4fdd \u603b\u5c40 \u5347\u683c\u4e3a " \u73af\u4fdd \u603b\u90e8 " . \u5e76 \u5bf9 \u5168\u56fd \u7684 \u73af\u5883\u4fdd\u62a4 \u5b9e\u65bd \u7edf\u4e00 \u7684 \u76d1\u7763 \u7ba1\u7406 .']
{'targetLang': 'pt', 'text': u'5 . \u5404\u7701 ( \u5e02 , \u533a ) \u4e5f \u76f8\u7ee7 \u6210\u7acb \u4e86 \u73af\u4fdd\u5c40 ( \u5385 ) . \u5e76 \u8bbe\u7acb \u73af\u4fdd\u5c40 \u70ed\u7ebf 12369 \u548c \u7f51\u4e0a 12369 \u4e2d\u5fc3 , \u63a5\u53d7 \u7fa4\u4f17 \u4e3e\u62a5 \u73af\u5883\u6c61\u67d3 \u4e8b\u4ef6 .', 'alignmentInfo': 'true', 'sourceLang': 'zh', 'action': 'translate', 'nBestSize': 1}
5 . å„çœ ( å¸‚ , åŒº ) ä¹Ÿ ç›¸ç»§ æˆç«‹ äº† ç¯ä¿å±€ ( å… ) . å¹¶ è®¾ç«‹ ç¯ä¿å±€ çƒ­çº¿ 12369 å’Œ ç½‘ä¸Š 12369 ä¸­å¿ƒ , æ¥å— ç¾¤ä¼— ä¸¾æŠ¥ ç¯å¢ƒæ±¡æŸ“ äº‹ä»¶ .
[u'5 . \u5404\u7701 ( \u5e02 , \u533a ) \u4e5f \u76f8\u7ee7 \u6210\u7acb \u4e86 \u73af\u4fdd\u5c40 ( \u5385 ) . \u5e76 \u8bbe\u7acb \u73af\u4fdd\u5c40 \u70ed\u7ebf 12369 \u548c \u7f51\u4e0a 12369 \u4e2d\u5fc3 , \u63a5\u53d7 \u7fa4\u4f17 \u4e3e\u62a5 \u73af\u5883\u6c61\u67d3 \u4e8b\u4ef6 .']
{'targetLang': 'pt', 'text': u'1 . \u73af\u5883\u4fdd\u62a4 ( \u7b80\u79f0 \u73af\u4fdd ) \u7531\u4e8e \u5de5\u4e1a \u53d1\u5c55 \u5bfc\u81f4 \u73af\u5883\u6c61\u67d3 \u95ee\u9898 \u8fc7\u4e8e \u4e25\u91cd , \u9996\u5148 \u5f15\u8d77 \u5de5\u4e1a\u5316 \u56fd\u5bb6 \u7684 \u91cd\u89c6 \u800c \u4ea7\u751f \u7684 , \u5229\u7528 \u56fd\u5bb6 \u6cd5\u5f8b \u6cd5\u89c4 \u548c \u8206\u8bba \u5ba3\u4f20 \u800c \u4f7f \u5168\u793e\u4f1a \u91cd\u89c6 \u548c \u5904\u7406 \u6c61\u67d3 \u95ee\u9898 .', 'alignmentInfo': 'true', 'sourceLang': 'zh', 'action': 'translate', 'nBestSize': 1}
1 . ç¯å¢ƒä¿æŠ¤ ( ç®€ç§° ç¯ä¿ ) ç”±äº å·¥ä¸š å‘å±• å¯¼è‡´ ç¯å¢ƒæ±¡æŸ“ é—®é¢˜ è¿‡äº ä¸¥é‡ , é¦–å…ˆ å¼•èµ· å·¥ä¸šåŒ– å›½å®¶ çš„ é‡è§† è€Œ äº§ç”Ÿ çš„ , åˆ©ç”¨ å›½å®¶ æ³•å¾‹ æ³•è§„ å’Œ èˆ†è®º å®£ä¼  è€Œ ä½¿ å…¨ç¤¾ä¼š é‡è§† å’Œ å¤„ç† æ±¡æŸ“ é—®é¢˜ .
[u'1 . \u73af\u5883\u4fdd\u62a4 ( \u7b80\u79f0 \u73af\u4fdd ) \u7531\u4e8e \u5de5\u4e1a \u53d1\u5c55 \u5bfc\u81f4 \u73af\u5883\u6c61\u67d3 \u95ee\u9898 \u8fc7\u4e8e \u4e25\u91cd , \u9996\u5148 \u5f15\u8d77 \u5de5\u4e1a\u5316 \u56fd\u5bb6 \u7684 \u91cd\u89c6 \u800c \u4ea7\u751f \u7684 , \u5229\u7528 \u56fd\u5bb6 \u6cd5\u5f8b \u6cd5\u89c4 \u548c \u8206\u8bba \u5ba3\u4f20 \u800c \u4f7f \u5168\u793e\u4f1a \u91cd\u89c6 \u548c \u5904\u7406 \u6c61\u67d3 \u95ee\u9898 .']
{'targetLang': 'pt', 'text': u'1 . \u73af\u5883\u4fdd\u62a4 ( \u7b80\u79f0 \u73af\u4fdd ) \u7531\u4e8e \u5de5\u4e1a \u53d1\u5c55 \u5bfc\u81f4 \u73af\u5883\u6c61\u67d3 \u95ee\u9898 \u8fc7\u4e8e \u4e25\u91cd , \u9996\u5148 \u5f15\u8d77 \u5de5\u4e1a\u5316 \u56fd\u5bb6 \u7684 \u91cd\u89c6 \u800c \u4ea7\u751f \u7684 , \u5229\u7528 \u56fd\u5bb6 \u6cd5\u5f8b \u6cd5\u89c410.119.181.207 - - [29/Mar/2017 19:48:49] "POST / HTTP/1.1" 200 -
2017-03-29 19:48:49,701 - worker - New translate task
10.119.181.207 - - [29/Mar/2017 19:48:58] "POST / HTTP/1.1" 200 -
2017-03-29 19:56:13,332 - worker - New translate task
10.119.181.207 - - [29/Mar/2017 19:56:21] "POST / HTTP/1.1" 200 -
2017-03-29 19:56:21,993 - worker - New translate task
10.119.181.207 - - [29/Mar/2017 19:56:22] "POST / HTTP/1.1" 200 -
2017-03-29 19:56:22,245 - worker - New translate task
 \u548c \u8206\u8bba \u5ba3\u4f20 \u800c \u4f7f \u5168\u793e\u4f1a \u91cd\u89c6 \u548c \u5904\u7406 \u6c61\u67d3 \u95ee\u9898 .', 'alignmentInfo': 'true', 'sourceLang': 'zh', 'action': 'translate', 'nBestSize': 1}
1 . ç¯å¢ƒä¿æŠ¤ ( ç®€ç§° ç¯ä¿ ) ç”±äº å·¥ä¸š å‘å±• å¯¼è‡´ ç¯å¢ƒæ±¡æŸ“ é—®é¢˜ è¿‡äº ä¸¥é‡ , é¦–å…ˆ å¼•èµ· å·¥ä¸šåŒ– å›½å®¶ çš„ é‡è§† è€Œ äº§ç”Ÿ çš„ , åˆ©ç”¨ å›½å®¶ æ³•å¾‹ æ³•è§„ å’Œ èˆ†è®º å®£ä¼  è€Œ ä½¿ å…¨ç¤¾ä¼š é‡è§† å’Œ å¤„ç† æ±¡æŸ“ é—®é¢˜ .
[u'1 . \u73af\u5883\u4fdd\u62a4 ( \u7b80\u79f0 \u73af\u4fdd ) \u7531\u4e8e \u5de5\u4e1a \u53d1\u5c55 \u5bfc\u81f4 \u73af\u5883\u6c61\u67d3 \u95ee\u9898 \u8fc7\u4e8e \u4e25\u91cd , \u9996\u5148 \u5f15\u8d77 \u5de5\u4e1a\u5316 \u56fd\u5bb6 \u7684 \u91cd\u89c6 \u800c \u4ea7\u751f \u7684 , \u5229\u7528 \u56fd\u5bb6 \u6cd5\u5f8b \u6cd5\u89c4 \u548c \u8206\u8bba \u5ba3\u4f20 \u800c \u4f7f \u5168\u793e\u4f1a \u91cd\u89c6 \u548c \u5904\u7406 \u6c61\u67d3 \u95ee\u9898 .']
{'targetLang': 'pt', 'text': u'1 . \u73af\u5883\u4fdd\u62a4 ( \u7b80\u79f0 \u73af\u4fdd ) \u7531\u4e8e \u5de5\u4e1a \u53d1\u5c55 \u5bfc\u81f4 \u73af\u5883\u6c61\u67d3 \u95ee\u9898 \u8fc7\u4e8e \u4e25\u91cd , \u9996\u5148 \u5f15\u8d77 \u5de5\u4e1a\u5316 \u56fd\u5bb6 \u7684 \u91cd\u89c6 \u800c \u4ea7\u751f \u7684 , \u5229\u7528 \u56fd\u5bb6 \u6cd5\u5f8b \u6cd5\u89c4 \u548c \u8206\u8bba \u5ba3\u4f20 \u800c \u4f7f \u5168\u793e\u4f1a \u91cd\u89c6 \u548c \u5904\u7406 \u6c61\u67d3 \u95ee\u9898 .', 'alignmentInfo': 'true', 'sourceLang': 'zh', 'action': 'translate', 'nBestSize': 1}
1 . ç¯å¢ƒä¿æŠ¤ ( ç®€ç§° ç¯ä¿ ) ç”±äº å·¥ä¸š å‘å±• å¯¼è‡´ ç¯å¢ƒæ±¡æŸ“ é—®é¢˜ è¿‡äº ä¸¥é‡ , é¦–å…ˆ å¼•èµ· å·¥ä¸šåŒ– å›½å®¶ çš„ é‡è§† è€Œ äº§ç”Ÿ çš„ , åˆ©ç”¨ å›½å®¶ æ³•å¾‹ æ³•è§„ å’Œ èˆ†è®º å®£ä¼  è€Œ ä½¿ å…¨ç¤¾ä¼š é‡è§† å’Œ å¤„ç† æ±¡æŸ“ é—®é¢˜ .
[u'1 . \u73af\u5883\u4fdd\u62a4 ( \u7b80\u79f0 \u73af\u4fdd ) \u7531\u4e8e \u5de5\u4e1a \u53d1\u5c55 \u5bfc\u81f4 \u73af\u5883\u6c61\u67d3 \u95ee\u9898 \u8fc7\u4e8e \u4e25\u91cd , \u9996\u5148 \u5f15\u8d77 \u5de5\u4e1a\u5316 \u56fd\u5bb6 \u7684 \u91cd\u89c6 \u800c \u4ea7\u751f \u7684 , \u5229\u7528 \u56fd\u5bb6 \u6cd5\u5f8b \u6cd5\u89c4 \u548c \u8206\u8bba \u5ba3\u4f20 \u800c \u4f7f \u5168\u793e\u4f1a \u91cd\u89c6 \u548c \u5904\u7406 \u6c61\u67d3 \u95ee\u9898 .']
{'targetLang': 'pt', 'text': u'1 . \u73af\u5883\u4fdd\u62a4 ( \u7b80\u79f0 \u73af\u4fdd ) \u7531\u4e8e \u5de5\u4e1a \u53d1\u5c55 \u5bfc\u81f4 \u73af\u5883\u6c61\u67d3 \u95ee\u9898 \u8fc7\u4e8e \u4e25\u91cd , \u9996\u5148 \u5f15\u8d77 \u5de5\u4e1a\u5316 \u56fd\u5bb6 \u7684 \u91cd\u89c6 \u800c \u4ea7\u751f \u7684 , \u5229\u7528 \u56fd\u5bb6 \u6cd5\u5f8b \u6cd5\u89c4 \u548c \u8206\u8bba \u5ba3\u4f20 \u800c \u4f7f \u5168\u793e\u4f1a \u91cd\u89c6 \u548c \u5904\u7406 \u6c61\u67d3 \u95ee\u9898 .', 'alignmentInfo': 'true', 'sourceLang': 'zh', 'action': 'translate', 'nBestSize': 1}
1 . ç¯å¢ƒä¿æŠ¤ ( ç®€ç§° ç¯ä¿ ) ç”±äº å·¥ä¸š å‘å±• å¯¼è‡´ ç¯å¢ƒæ±¡æŸ“ é—®é¢˜ è¿‡äº ä¸¥é‡ , é¦–å…ˆ å¼•èµ· å·¥ä¸šåŒ– å›½å®¶ çš„ é‡è§† è€Œ äº§ç”Ÿ çš„ , åˆ©ç”¨ å›½å®¶ æ³•å¾‹ æ³•è§„ å’Œ èˆ†è®º å®£ä¼  è€Œ ä½¿ å…¨ç¤¾ä¼š é‡è§† å’Œ å¤„ç† æ±¡æŸ“ é—®é¢˜ .
[u'1 . \u73af\u5883\u4fdd\u62a4 ( \u7b80\u79f0 \u73af\u4fdd ) \u7531\u4e8e \u5de5\u4e1a \u53d1\u5c55 \u5bfc\u81f4 \u73af\u5883\u6c61\u67d3 \u95ee\u9898 \u8fc7\u4e8e \u4e25\u91cd , \u9996\u5148 \u5f15\u8d77 \u5de5\u4e1a\u5316 \u56fd\u5bb6 \u7684 \u91cd\u89c6 \u800c \u4ea7\u751f \u7684 , \u5229\u7528 \u56fd\u5bb6 \u6cd5\u5f8b \u6cd5\u89c4 \u548c \u8206\u8bba \u5ba3\u4f20 \u800c \u4f7f \u5168\u793e\u4f1a \u91cd\u89c6 \u548c \u5904\u7406 \u6c61\u67d3 \u95ee\u9898 .']
{'targetLang': 'pt', 'text': u'\u4fdd\u62a4 ', 'alignmentInfo': 'true', 'sourceLang': 'zh', 'action': 'translate', 'nBestSize': 1}
ä¿æŠ¤ 
[u'\u4fdd\u62a4']
{'targetLang': 'pt', 'text': u'1.1962 \u5e74 \u7f8e\u56fd \u751f\u7269\u5b66\u5bb6 \u660e\u786e \u4e86 \u519c\u836f \u6740\u866b\u5242 DDT \u5bf9 \u73af\u5883 \u7684 \u6c61\u67d3 \u548c \u7834\u574f \u73af\u5883 \u4f5c\u7528 , \u7531\u4e8e \u8be5 \u4e66 \u7684 \u8b66\u793a , \u7f8e\u56fd \u653f\u5e9c \u5f00\u59cb \u5bf9 \u5267\u6bd2 \u6740\u866b\u5242 \u95ee\u9898 \u8fdb\u884c \u8c03\u67e5 10.119.181.207 - - [29/Mar/2017 19:56:37] "POST / HTTP/1.1" 200 -
2017-03-29 19:56:37,473 - worker - New translate task
10.119.181.207 - - [29/Mar/2017 19:56:47] "POST / HTTP/1.1" 200 -
2017-03-29 19:56:47,650 - worker - New translate task
, \u5e76 \u4e8e 1970\u5e74 \u6210\u7acb \u4e86 \u73af\u5883\u4fdd\u62a4 \u5c40 , \u5404 \u5dde \u4e5f \u76f8\u7ee7 \u901a\u8fc7 \u7981\u6b62 \u751f\u4ea7 \u548c \u4f7f\u7528 \u5267\u6bd2 \u6740\u866b\u5242 \u7684 \u6cd5\u5f8b . \u7531\u4e8e \u6b64\u4e8b , \u8be5 \u4e66 \u88ab \u8ba4\u4e3a \u662f 20\u4e16\u7eaa \u73af\u5883 \u751f\u6001\u5b66 \u7684 \u6807\u5fd7 \u6027 \u8d77\u70b9 .', 'alignmentInfo': 'true', 'sourceLang': 'zh', 'action': 'translate', 'nBestSize': 1}
1.1962 å¹´ ç¾å›½ ç”Ÿç‰©å­¦å®¶ æ˜ç¡® äº† å†œè¯ æ€è™«å‰‚ DDT å¯¹ ç¯å¢ƒ çš„ æ±¡æŸ“ å’Œ ç ´å ç¯å¢ƒ ä½œç”¨ , ç”±äº è¯¥ ä¹¦ çš„ è­¦ç¤º , ç¾å›½ æ”¿åºœ å¼€å§‹ å¯¹ å‰§æ¯’ æ€è™«å‰‚ é—®é¢˜ è¿›è¡Œ è°ƒæŸ¥ , å¹¶ äº 1970å¹´ æˆç«‹ äº† ç¯å¢ƒä¿æŠ¤ å±€ , å„ å· ä¹Ÿ ç›¸ç»§ é€šè¿‡ ç¦æ­¢ ç”Ÿäº§ å’Œ ä½¿ç”¨ å‰§æ¯’ æ€è™«å‰‚ çš„ æ³•å¾‹ . ç”±äº æ­¤äº‹ , è¯¥ ä¹¦ è¢« è®¤ä¸º æ˜¯ 20ä¸–çºª ç¯å¢ƒ ç”Ÿæ€å­¦ çš„ æ ‡å¿— æ€§ èµ·ç‚¹ .
[u'1.1962 \u5e74 \u7f8e\u56fd \u751f\u7269\u5b66\u5bb6 \u660e\u786e \u4e86 \u519c\u836f \u6740\u866b\u5242 DDT \u5bf9 \u73af\u5883 \u7684 \u6c61\u67d3 \u548c \u7834\u574f \u73af\u5883 \u4f5c\u7528 , \u7531\u4e8e \u8be5 \u4e66 \u7684 \u8b66\u793a , \u7f8e\u56fd \u653f\u5e9c \u5f00\u59cb \u5bf9 \u5267\u6bd2 \u6740\u866b\u5242 \u95ee\u9898 \u8fdb\u884c \u8c03\u67e5 , \u5e76 \u4e8e 1970\u5e74 \u6210\u7acb \u4e86 \u73af\u5883\u4fdd\u62a4 \u5c40 , \u5404 \u5dde \u4e5f \u76f8\u7ee7 \u901a\u8fc7 \u7981\u6b62 \u751f\u4ea7 \u548c \u4f7f\u7528 \u5267\u6bd2 \u6740\u866b\u5242 \u7684 \u6cd5\u5f8b . \u7531\u4e8e \u6b64\u4e8b , \u8be5 \u4e66 \u88ab \u8ba4\u4e3a \u662f 20\u4e16\u7eaa \u73af\u5883 \u751f\u6001\u5b66 \u7684 \u6807\u5fd7 \u6027 \u8d77\u70b9 .']
{'targetLang': 'pt', 'text': u'2.1972 \u5e74 6\u67085\u65e5\u81f316\u65e5 \u7531 \u8054\u5408\u56fd \u53d1\u8d77 , \u5728 \u65af\u5fb7\u54e5\u5c14\u6469 \u53ec\u5f00 " \u7b2c\u4e00\u5c4a \u8054\u5408\u56fd \u4eba\u7c7b \u73af\u5883 \u4f1a\u8bae " , \u63d0\u51fa \u4e86 \u8457\u540d \u7684 " \u4eba\u7c7b \u73af\u5883 \u5ba3\u8a00 " , \u662f \u73af\u5883\u4fdd\u62a4 \u4e8b\u4e1a \u6b63\u5f0f \u5f15\u8d77 \u4e16\u754c \u5404\u56fd \u653f\u5e9c \u91cd\u89c6 \u7684 \u5f00\u7aef . \u4e2d\u56fd\u653f\u5e9c \u4e5f \u53c2\u52a0 \u4e86 \u8fd9\u4e2a \u4f1a\u8bae .', 'alignmentInfo': 'true', 'sourceLang': 'zh', 'action': 'translate', 'nBestSize': 1}
2.1972 å¹´ 6æœˆ5æ—¥è‡³16æ—¥ ç”± è”åˆå›½ å‘èµ· , åœ¨ æ–¯å¾·å“¥å°”æ‘© å¬å¼€ " ç¬¬ä¸€å±Š è”åˆå›½ äººç±» ç¯å¢ƒ ä¼šè®® " , æå‡º äº† è‘—å çš„ " äººç±» ç¯å¢ƒ å®£è¨€ " , æ˜¯ ç¯å¢ƒä¿æŠ¤ äº‹ä¸š æ­£å¼ å¼•èµ· ä¸–ç•Œ å„å›½ æ”¿åºœ é‡è§† çš„ å¼€ç«¯ . ä¸­å›½æ”¿åºœ ä¹Ÿ å‚åŠ  äº† è¿™ä¸ª ä¼šè®® .
[u'2.1972 \u5e74 6\u67085\u65e5\u81f316\u65e5 \u7531 \u8054\u5408\u56fd \u53d1\u8d77 , \u5728 \u65af\u5fb7\u54e5\u5c14\u6469 \u53ec\u5f00 " \u7b2c\u4e00\u5c4a \u8054\u5408\u56fd \u4eba\u7c7b \u73af\u5883 \u4f1a\u8bae " , \u63d0\u51fa \u4e86 \u8457\u540d \u7684 " \u4eba\u7c7b \u73af\u5883 \u5ba3\u8a00 " , \u662f \u73af\u5883\u4fdd\u62a4 \u4e8b\u4e1a \u6b63\u5f0f \u5f15\u8d77 \u4e16\u754c \u5404\u56fd \u653f\u5e9c \u91cd\u89c6 \u7684 \u5f00\u7aef . \u4e2d\u56fd\u653f\u5e9c \u4e5f \u53c2\u52a0 \u4e86 \u8fd9\u4e2a \u4f1a\u8bae .']
{'targetLang': 'pt', 'text': u'1 . \u73af\u5883\u4fdd\u62a4 ( \u7b80\u79f0 \u73af\u4fdd ) \u7531\u4e8e \u5de5\u4e1a \u53d1\u5c55 \u5bfc\u81f4 \u73af\u5883\u6c61\u67d3 \u95ee\u9898 \u8fc7\u4e8e \u4e25\u91cd , \u9996\u5148 \u5f15\u8d77 \u5de5\u4e1a\u5316 \u56fd\u5bb6 \u7684 \u91cd\u89c6 \u800c \u4ea7\u751f \u7684 , \u5229\u7528 \u56fd\u5bb6 \u6cd5\u5f8b \u6cd5\u89c4 \u548c \u8206\u8bba \u5ba3\u4f20 \u800c \u4f7f \u5168\u793e\u4f1a \u91cd\u89c6 \u548c \u5904\u7406 \u6c61\u67d3 \u95ee\u9898 .', 'alignmentInfo': 'true', 'sourceLang': 'zh', 'action': 'translate', 'nBestSize': 1}
1 . ç¯å¢ƒä¿æŠ¤ ( ç®€ç§° ç¯ä¿ ) ç”±äº å·¥ä¸š å‘å±• å¯¼è‡´ ç¯å¢ƒæ±¡æŸ“ é—®é¢˜ è¿‡äº ä¸¥é‡ , é¦–å…ˆ å¼•èµ· å·¥ä¸šåŒ– å›½å®¶ çš„ é‡è§† è€Œ äº§ç”Ÿ çš„ , åˆ©ç”¨ å›½å®¶ æ³•å¾‹ æ³•è§„ å’Œ èˆ†è®º å®£ä¼  è€Œ ä½¿ å…¨ç¤¾ä¼š é‡è§† å’Œ å¤„ç† æ±¡æŸ“ é—®é¢˜ .
[u'1 . \u73af\u5883\u4fdd\u62a4 ( \u7b80\u79f0 \u73af\u4fdd ) \u7531\u4e8e \u5de5\u4e1a \u53d1\u5c55 \u5bfc\u81f4 \u73af\u5883\u6c61\u67d3 10.119.181.207 - - [29/Mar/2017 19:56:56] "POST / HTTP/1.1" 200 -
2017-03-29 19:56:56,278 - worker - New translate task
10.119.181.207 - - [29/Mar/2017 19:57:04] "POST / HTTP/1.1" 200 -
2017-03-30 12:47:19,369 - worker - New translate task
10.119.181.207 - - [30/Mar/2017 12:47:23] "POST / HTTP/1.1" 200 -
2017-03-30 12:47:23,636 - worker - New translate task
10.119.181.207 - - [30/Mar/2017 12:47:24] "POST / HTTP/1.1" 200 -
2017-03-30 12:47:24,653 - worker - New translate task
10.119.181.207 - - [30/Mar/2017 12:47:25] "POST / HTTP/1.1" 200 -
2017-03-30 12:47:25,840 - worker - New translate task
10.119.181.207 - - [30/Mar/2017 12:47:27] "POST / HTTP/1.1" 200 -
2017-03-30 12:47:27,940 - worker - New translate task
\u95ee\u9898 \u8fc7\u4e8e \u4e25\u91cd , \u9996\u5148 \u5f15\u8d77 \u5de5\u4e1a\u5316 \u56fd\u5bb6 \u7684 \u91cd\u89c6 \u800c \u4ea7\u751f \u7684 , \u5229\u7528 \u56fd\u5bb6 \u6cd5\u5f8b \u6cd5\u89c4 \u548c \u8206\u8bba \u5ba3\u4f20 \u800c \u4f7f \u5168\u793e\u4f1a \u91cd\u89c6 \u548c \u5904\u7406 \u6c61\u67d3 \u95ee\u9898 .']
{'targetLang': 'pt', 'text': u'1 . \u73af\u5883\u4fdd\u62a4 ( \u7b80\u79f0 \u73af\u4fdd ) \u7531\u4e8e \u5de5\u4e1a \u53d1\u5c55 \u5bfc\u81f4 \u73af\u5883\u6c61\u67d3 \u95ee\u9898 \u8fc7\u4e8e \u4e25\u91cd , \u9996\u5148 \u5f15\u8d77 \u5de5\u4e1a\u5316 \u56fd\u5bb6 \u7684 \u91cd\u89c6 \u800c \u4ea7\u751f \u7684 , \u5229\u7528 \u56fd\u5bb6 \u6cd5\u5f8b \u6cd5\u89c4 \u548c \u8206\u8bba \u5ba3\u4f20 \u800c \u4f7f \u5168\u793e\u4f1a \u91cd\u89c6 \u548c \u5904\u7406 \u6c61\u67d3 \u95ee\u9898 .', 'alignmentInfo': 'true', 'sourceLang': 'zh', 'action': 'translate', 'nBestSize': 1}
1 . ç¯å¢ƒä¿æŠ¤ ( ç®€ç§° ç¯ä¿ ) ç”±äº å·¥ä¸š å‘å±• å¯¼è‡´ ç¯å¢ƒæ±¡æŸ“ é—®é¢˜ è¿‡äº ä¸¥é‡ , é¦–å…ˆ å¼•èµ· å·¥ä¸šåŒ– å›½å®¶ çš„ é‡è§† è€Œ äº§ç”Ÿ çš„ , åˆ©ç”¨ å›½å®¶ æ³•å¾‹ æ³•è§„ å’Œ èˆ†è®º å®£ä¼  è€Œ ä½¿ å…¨ç¤¾ä¼š é‡è§† å’Œ å¤„ç† æ±¡æŸ“ é—®é¢˜ .
[u'1 . \u73af\u5883\u4fdd\u62a4 ( \u7b80\u79f0 \u73af\u4fdd ) \u7531\u4e8e \u5de5\u4e1a \u53d1\u5c55 \u5bfc\u81f4 \u73af\u5883\u6c61\u67d3 \u95ee\u9898 \u8fc7\u4e8e \u4e25\u91cd , \u9996\u5148 \u5f15\u8d77 \u5de5\u4e1a\u5316 \u56fd\u5bb6 \u7684 \u91cd\u89c6 \u800c \u4ea7\u751f \u7684 , \u5229\u7528 \u56fd\u5bb6 \u6cd5\u5f8b \u6cd5\u89c4 \u548c \u8206\u8bba \u5ba3\u4f20 \u800c \u4f7f \u5168\u793e\u4f1a \u91cd\u89c6 \u548c \u5904\u7406 \u6c61\u67d3 \u95ee\u9898 .']
{'targetLang': 'pt', 'text': u'\u5316\u7597 \u540e \u7684 \u75c5\u4eba \u901a\u5e38 \u611f\u89c9 \u975e\u5e38 \u6076\u5fc3 , \u5316\u7597 \u540e \u7684 \u75c5\u4eba \u901a\u5e38 \u611f\u89c9 \u975e\u5e38 \u6076\u5fc3 , \u6240\u4ee5 \u4ed6\u4eec \u66f4 \u60f3 \u8d70\u56de \u5bbe\u9986 . ', 'alignmentInfo': 'true', 'sourceLang': 'zh', 'action': 'translate', 'nBestSize': 1}
åŒ–ç–— å çš„ ç—…äºº é€šå¸¸ æ„Ÿè§‰ éå¸¸ æ¶å¿ƒ , åŒ–ç–— å çš„ ç—…äºº é€šå¸¸ æ„Ÿè§‰ éå¸¸ æ¶å¿ƒ , æ‰€ä»¥ ä»–ä»¬ æ›´ æƒ³ èµ°å› å®¾é¦† . 
[u'\u5316\u7597 \u540e \u7684 \u75c5\u4eba \u901a\u5e38 \u611f\u89c9 \u975e\u5e38 \u6076\u5fc3 , \u5316\u7597 \u540e \u7684 \u75c5\u4eba \u901a\u5e38 \u611f\u89c9 \u975e\u5e38 \u6076\u5fc3 , \u6240\u4ee5 \u4ed6\u4eec \u66f4 \u60f3 \u8d70\u56de \u5bbe\u9986 .']
{'targetLang': 'pt', 'text': u'\u8fd9\u5c31 \u5f62\u6210 \u4e86 \u8fd9\u4e48 \u4e00\u6761 \u5bf9\u89d2\u7ebf \u7684 \u5fc3\u4eea \u5c0f\u8def . ', 'alignmentInfo': 'true', 'sourceLang': 'zh', 'action': 'translate', 'nBestSize': 1}
è¿™å°± å½¢æˆ äº† è¿™ä¹ˆ ä¸€æ¡ å¯¹è§’çº¿ çš„ å¿ƒä»ª å°è·¯ . 
[u'\u8fd9\u5c31 \u5f62\u6210 \u4e86 \u8fd9\u4e48 \u4e00\u6761 \u5bf9\u89d2\u7ebf \u7684 \u5fc3\u4eea \u5c0f\u8def .']
{'targetLang': 'pt', 'text': u'\u75c5\u4eba \u4eec \u751a\u81f3 \u7ed9 \u5b83 \u8d77 \u4e86 \u540d\u5b57 - - \u5316\u7597 \u4e4b\u8def . ', 'alignmentInfo': 'true', 'sourceLang': 'zh', 'action': 'translate', 'nBestSize': 1}
ç—…äºº ä»¬ ç”šè‡³ ç»™ å®ƒ èµ· äº† åå­— - - åŒ–ç–— ä¹‹è·¯ . 
[u'\u75c5\u4eba \u4eec \u751a\u81f3 \u7ed9 \u5b83 \u8d77 \u4e86 \u540d\u5b57 - - \u5316\u7597 \u4e4b\u8def .']
{'targetLang': 'pt', 'text': u'\u5f53 \u533b\u9662 \u6700 \u5f00\u59cb \u6ce8\u610f\u5230 \u8fd9 \u6761 \u5c0f\u8def \u7684 \u65f6\u5019 \u4ed6\u4eec \u7ed9 \u8fd9 \u6761 \u8def \u91cd\u65b0 \u94fa\u4e0a \u8349\u76ae , \u5e76 \u6ca1\u6709 \u91cd\u89c6 . ', 'alignmentInfo': 'true', 'sourceLang': 'zh', 'action': 'translate', 'nBestSize': 1}
å½“ åŒ»é™¢ æœ€ å¼€å§‹ æ³¨æ„åˆ° è¿™ æ¡ å°è·¯ çš„ æ—¶å€™ ä»–ä»¬ ç»™ è¿™ æ¡ è·¯ é‡æ–° é“ºä¸Š è‰çš® , å¹¶ æ²¡æœ‰ é‡è§† . 
[u'\u5f53 \u533b\u9662 \u6700 \u5f00\u59cb \u6ce8\u610f\u5230 \u8fd9 \u6761 \u5c0f\u8def \u7684 \u65f6\u5019 \u4ed6\u4eec \u7ed9 \u8fd9 \u6761 \u8def \u91cd\u65b0 \u94fa\u4e0a \u8349\u76ae , \u5e76 \u6ca1\u6709 \u91cd\u89c6 .']
{'targetLang': 'pt', 'text': u'\u4f46\u662f \u5f88\u5feb \u5730 , \u4ed6\u4eec \u610f\u8bc6\u5230 \u8fd9 \u6761 \u5c0f\u8def \u7684 \u91cd\u8981\u6027 , \u75c5\u4eba \u771f\u7684 \u910.119.181.207 - - [30/Mar/2017 12:47:30] "POST / HTTP/1.1" 200 -
2017-03-30 12:47:31,002 - worker - New translate task
10.119.181.207 - - [30/Mar/2017 12:47:32] "POST / HTTP/1.1" 200 -
2017-03-30 12:47:32,745 - worker - New translate task
10.119.181.207 - - [30/Mar/2017 12:47:36] "POST / HTTP/1.1" 200 -
2017-03-30 12:47:36,679 - worker - New translate task
10.119.181.207 - - [30/Mar/2017 12:47:37] "POST / HTTP/1.1" 200 -
2017-03-30 12:47:37,695 - worker - New translate task
10.119.181.207 - - [30/Mar/2017 12:47:38] "POST / HTTP/1.1" 200 -
2017-03-30 12:47:38,882 - worker - New translate task
10.119.181.207 - - [30/Mar/2017 12:47:40] "POST / HTTP/1.1" 200 -
2017-03-30 12:47:40,981 - worker - New translate task
700\u8981 \u8d70 \u8fd9 \u6761 \u8def \u4e8e\u662f \u4ed6\u4eec \u628a \u8fd9 \u6761 \u8def \u94fa \u4e86 \u51fa\u6765 ', 'alignmentInfo': 'true', 'sourceLang': 'zh', 'action': 'translate', 'nBestSize': 1}
ä½†æ˜¯ å¾ˆå¿« åœ° , ä»–ä»¬ æ„è¯†åˆ° è¿™ æ¡ å°è·¯ çš„ é‡è¦æ€§ , ç—…äºº çœŸçš„ éœ€è¦ èµ° è¿™ æ¡ è·¯ äºæ˜¯ ä»–ä»¬ æŠŠ è¿™ æ¡ è·¯ é“º äº† å‡ºæ¥ 
[u'\u4f46\u662f \u5f88\u5feb \u5730 , \u4ed6\u4eec \u610f\u8bc6\u5230 \u8fd9 \u6761 \u5c0f\u8def \u7684 \u91cd\u8981\u6027 , \u75c5\u4eba \u771f\u7684 \u9700\u8981 \u8d70 \u8fd9 \u6761 \u8def \u4e8e\u662f \u4ed6\u4eec \u628a \u8fd9 \u6761 \u8def \u94fa \u4e86 \u51fa\u6765']
{'targetLang': 'pt', 'text': u'\u6211 \u8ba4\u4e3a \u6211\u4eec \u8bbe\u8ba1\u5e08 \u7684 \u5de5\u4f5c , \u5c31\u662f \u94fa \u51fa \u8fd9\u4e9b \u9010\u6e10 \u51fa\u73b0 \u7684 \u5fc3\u4eea \u5c0f\u8def . ', 'alignmentInfo': 'true', 'sourceLang': 'zh', 'action': 'translate', 'nBestSize': 1}
æˆ‘ è®¤ä¸º æˆ‘ä»¬ è®¾è®¡å¸ˆ çš„ å·¥ä½œ , å°±æ˜¯ é“º å‡º è¿™äº› é€æ¸ å‡ºç° çš„ å¿ƒä»ª å°è·¯ . 
[u'\u6211 \u8ba4\u4e3a \u6211\u4eec \u8bbe\u8ba1\u5e08 \u7684 \u5de5\u4f5c , \u5c31\u662f \u94fa \u51fa \u8fd9\u4e9b \u9010\u6e10 \u51fa\u73b0 \u7684 \u5fc3\u4eea \u5c0f\u8def .']
{'targetLang': 'pt', 'text': u'\u5316\u7597 \u540e \u7684 \u75c5\u4eba \u901a\u5e38 \u611f\u89c9 \u975e\u5e38 \u6076\u5fc3 , \u5316\u7597 \u540e \u7684 \u75c5\u4eba \u901a\u5e38 \u611f\u89c9 \u975e\u5e38 \u6076\u5fc3 , \u6240\u4ee5 \u4ed6\u4eec \u66f4 \u60f3 \u8d70\u56de \u5bbe\u9986 . ', 'alignmentInfo': 'true', 'sourceLang': 'zh', 'action': 'translate', 'nBestSize': 1}
åŒ–ç–— å çš„ ç—…äºº é€šå¸¸ æ„Ÿè§‰ éå¸¸ æ¶å¿ƒ , åŒ–ç–— å çš„ ç—…äºº é€šå¸¸ æ„Ÿè§‰ éå¸¸ æ¶å¿ƒ , æ‰€ä»¥ ä»–ä»¬ æ›´ æƒ³ èµ°å› å®¾é¦† . 
[u'\u5316\u7597 \u540e \u7684 \u75c5\u4eba \u901a\u5e38 \u611f\u89c9 \u975e\u5e38 \u6076\u5fc3 , \u5316\u7597 \u540e \u7684 \u75c5\u4eba \u901a\u5e38 \u611f\u89c9 \u975e\u5e38 \u6076\u5fc3 , \u6240\u4ee5 \u4ed6\u4eec \u66f4 \u60f3 \u8d70\u56de \u5bbe\u9986 .']
{'targetLang': 'pt', 'text': u'\u8fd9\u5c31 \u5f62\u6210 \u4e86 \u8fd9\u4e48 \u4e00\u6761 \u5bf9\u89d2\u7ebf \u7684 \u5fc3\u4eea \u5c0f\u8def . ', 'alignmentInfo': 'true', 'sourceLang': 'zh', 'action': 'translate', 'nBestSize': 1}
è¿™å°± å½¢æˆ äº† è¿™ä¹ˆ ä¸€æ¡ å¯¹è§’çº¿ çš„ å¿ƒä»ª å°è·¯ . 
[u'\u8fd9\u5c31 \u5f62\u6210 \u4e86 \u8fd9\u4e48 \u4e00\u6761 \u5bf9\u89d2\u7ebf \u7684 \u5fc3\u4eea \u5c0f\u8def .']
{'targetLang': 'pt', 'text': u'\u75c5\u4eba \u4eec \u751a\u81f3 \u7ed9 \u5b83 \u8d77 \u4e86 \u540d\u5b57 - - \u5316\u7597 \u4e4b\u8def . ', 'alignmentInfo': 'true', 'sourceLang': 'zh', 'action': 'translate', 'nBestSize': 1}
ç—…äºº ä»¬ ç”šè‡³ ç»™ å®ƒ èµ· äº† åå­— - - åŒ–ç–— ä¹‹è·¯ . 
[u'\u75c5\u4eba \u4eec \u751a\u81f3 \u7ed9 \u5b83 \u8d77 \u4e86 \u540d\u5b57 - - \u5316\u7597 \u4e4b\u8def .']
{'targetLang': 'pt', 'text': u'\u5f53 \u533b\u9662 \u6700 \u5f00\u59cb \u6ce8\u610f\u5230 \u8fd9 \u6761 \u5c0f\u8def \u7684 \u65f6\u5019 \u4ed6\u4eec \u7ed9 \u8fd9 \u6761 \u8def \u91cd\u65b0 \u94fa\u4e0a \u8349\u76ae , \u5e76 \u6ca1\u6709 \u91cd\u89c6 . ', 'alignmentInfo': 'true', 'sourceLang': 'zh', 'action': 'translate', 'nBestSize': 1}
å½“ åŒ»é™¢ æœ€ å¼€å§‹ æ³¨æ„åˆ° è¿™ æ¡ å°è·¯ çš„ æ—¶å€™ ä»–ä»¬ ç»™ è¿™ æ¡ è·¯ é‡æ–° é“ºä¸Š è‰çš® , å¹¶ æ²¡æœ‰ é‡è§† . 
[u'\u5f53 \u533b\u9662 \u6700 \u5f00\u59cb \u6ce8\u610f\u5230 \u8fd9 \u6761 \u5c0f\u8def \u7684 \u65f6\u5019 \u4ed6\u4eec \u7ed9 \u8fd9 \u6761 \u8def \u91cd\u65b0 \u94fa\u4e0a \u8349\u76ae , \u5e76 \u6ca1\u6709 \u91cd\u89c6 .']
{'targetLang': 'pt', 'text': u'\u4f46\u662f \u5f88\u5feb \u5730 , \u4ed6\u4eec \u610f\u8bc6\u5230 \u8fd9 \u6761 \u5c0f\u8def \u7684 \u91cd\u8981\u6027 , \u75c5\u4eba \u771f\u7684 \u9700\u8981 \u8d70 \u8fd9 \u6761 \u8def \u4e8e\u662f \u4ed6\u4eec \u628a \u8fd9 \u6761 \u8def \u94fa \u4e86 \u51fa\u6765 ', 'alignmentInfo': 'true', 'sourceLang': 'zh', 'action': 'translate', 'nBestSize': 1}
ä½†æ˜¯ å¾ˆå¿« åœ° , ä»–ä»¬ æ„è¯†åˆ° è¿™ æ¡ å°è·¯ çš„ é‡è¦æ€§ , ç—…äºº çœŸçš„ éœ€è¦ èµ° è¿™ æ¡ è·¯ äºæ˜¯ ä»–ä»¬ æŠŠ è¿™ æ¡ è·¯ é“º äº† å‡ºæ¥ 
[u'\u4f46\u662f \u5f88\u5feb \u5730 , \u4ed6\u4eec \u610f\u8bc6\u5230 \u810.119.181.207 - - [30/Mar/2017 12:47:44] "POST / HTTP/1.1" 200 -
2017-03-30 12:47:44,044 - worker - New translate task
10.119.181.207 - - [30/Mar/2017 12:47:45] "POST / HTTP/1.1" 200 -
